#
# A fatal error has been detected by the Java Runtime Environment:
#
#  EXCEPTION_ACCESS_VIOLATION (0xc0000005) at pc=0x00007fff09642c62, pid=12188, tid=5880
#
# JRE version: Java(TM) SE Runtime Environment (18.0.2+9) (build 18.0.2+9-61)
# Java VM: Java HotSpot(TM) 64-Bit Server VM (18.0.2+9-61, mixed mode, sharing, tiered, compressed oops, compressed class ptrs, g1 gc, windows-amd64)
# Problematic frame:
# C  [ntdll.dll+0x32c62]
#
# No core dump will be written. Minidumps are not enabled by default on client versions of Windows
#
# If you would like to submit a bug report, please visit:
#   https://bugreport.java.com/bugreport/crash.jsp
# The crash happened outside the Java Virtual Machine in native code.
# See problematic frame for where to report the bug.
#

---------------  S U M M A R Y ------------

Command Line: -Dfile.encoding=UTF-8 -XX:+ShowCodeDetailsInExceptionMessages com.gcstudios.main.Game

Host: Intel(R) Core(TM) i5-2400 CPU @ 3.10GHz, 4 cores, 15G,  Windows 10 , 64 bit Build 19041 (10.0.19041.1889)
Time: Fri Sep 23 16:32:06 2022 Hora oficial do Brasil elapsed time: 5.490225 seconds (0d 0h 0m 5s)

---------------  T H R E A D  ---------------

Current thread (0x0000013de39853f0):  JavaThread "Thread-0" [_thread_in_native, id=5880, stack(0x0000000f83800000,0x0000000f83900000)]

Stack: [0x0000000f83800000,0x0000000f83900000],  sp=0x0000000f838fdde0,  free space=1015k
Native frames: (J=compiled Java code, j=interpreted, Vv=VM code, C=native code)
C  [ntdll.dll+0x32c62]
C  [ntdll.dll+0x513bc]
C  [ntdll.dll+0xa0e8e]
C  [ntdll.dll+0x63466]
C  [ntdll.dll+0x2fcb4]
C  [ntdll.dll+0x2fae2]
C  0x00007ffefe44fe5c

Java frames: (J=compiled Java code, j=interpreted, Vv=VM code)
j  sun.java2d.d3d.D3DSurfaceData.initOps(III)V+0 java.desktop@18.0.2
j  sun.java2d.d3d.D3DSurfaceData.<init>(Lsun/awt/windows/WComponentPeer;Lsun/java2d/d3d/D3DGraphicsConfig;IILjava/awt/Image;Ljava/awt/image/ColorModel;IILsun/java2d/pipe/hw/ExtendedBufferCapabilities$VSyncType;I)V+212 java.desktop@18.0.2
j  sun.java2d.d3d.D3DSurfaceData.createData(Lsun/awt/windows/WComponentPeer;Ljava/awt/Image;)Lsun/java2d/d3d/D3DSurfaceData;+117 java.desktop@18.0.2
j  sun.java2d.d3d.D3DVolatileSurfaceManager.initAcceleratedSurface()Lsun/java2d/SurfaceData;+68 java.desktop@18.0.2
j  sun.java2d.d3d.D3DVolatileSurfaceManager.restoreAcceleratedSurface()V+49 java.desktop@18.0.2
J 962 c1 sun.awt.image.VolatileSurfaceManager.validate(Ljava/awt/GraphicsConfiguration;)I java.desktop@18.0.2 (213 bytes) @ 0x0000013dc44f9104 [0x0000013dc44f8b80+0x0000000000000584]
J 961 c1 sun.awt.image.SunVolatileImage.validate(Ljava/awt/GraphicsConfiguration;)I java.desktop@18.0.2 (9 bytes) @ 0x0000013dc44f873c [0x0000013dc44f8640+0x00000000000000fc]
j  java.awt.Component$FlipBufferStrategy.revalidate()V+85 java.desktop@18.0.2
J 969 c1 java.awt.Component$FlipBufferStrategy.getDrawGraphics()Ljava/awt/Graphics; java.desktop@18.0.2 (12 bytes) @ 0x0000013dc44fdd44 [0x0000013dc44fdc40+0x0000000000000104]
J 736% c2 com.gcstudios.main.Game.run()V (140 bytes) @ 0x0000013dcb8f6a8c [0x0000013dcb8f6380+0x000000000000070c]
j  java.lang.Thread.run()V+11 java.base@18.0.2
v  ~StubRoutines::call_stub

siginfo: EXCEPTION_ACCESS_VIOLATION (0xc0000005), reading address 0x00007ffefe6091d4


Register to memory mapping:

RIP=0x00007fff09642c62 ntdll.dll
RAX=0x0000000000003075 is an unknown value
RBX=0x000000000000fe5c is an unknown value
RCX=0x000000000000c1e0 is an unknown value
RDX=0x0000000000001028 is an unknown value
RSP=0x0000000f838fdde0 is pointing into the stack for thread: 0x0000013de39853f0
RBP=0x0000000f838fe370 is pointing into the stack for thread: 0x0000013de39853f0
RSI=0x0 is NULL
RDI=0x00007ffefe5fd000 is an unknown value
R8 =0x00007ffefe440000 is an unknown value
R9 =0x0000000000000015 is an unknown value
R10=0x00007fff09791510 ntdll.dll
R11=0x0000000000000011 is an unknown value
R12=0x0 is NULL
R13=0x00007fff097838f0 ntdll.dll
R14=0x0000000f838fe410 is pointing into the stack for thread: 0x0000013de39853f0
R15=0x0000000f838fe388 is pointing into the stack for thread: 0x0000013de39853f0


Registers:
RAX=0x0000000000003075, RBX=0x000000000000fe5c, RCX=0x000000000000c1e0, RDX=0x0000000000001028
RSP=0x0000000f838fdde0, RBP=0x0000000f838fe370, RSI=0x0000000000000000, RDI=0x00007ffefe5fd000
R8 =0x00007ffefe440000, R9 =0x0000000000000015, R10=0x00007fff09791510, R11=0x0000000000000011
R12=0x0000000000000000, R13=0x00007fff097838f0, R14=0x0000000f838fe410, R15=0x0000000f838fe388
RIP=0x00007fff09642c62, EFLAGS=0x0000000000010206

Top of Stack: (sp=0x0000000f838fdde0)
0x0000000f838fdde0:   0000000000000000 0000000f00000000
0x0000000f838fddf0:   0000000f838fde00 0000000f838fde08
0x0000000f838fde00:   00007ffefe5fd000 00007ffefe440000
0x0000000f838fde10:   0000c1e0001cf000 0000000000000000
0x0000000f838fde20:   00007ffefe44fe5c 00007fff096613bc
0x0000000f838fde30:   0000000f838fea30 0000000000000000
0x0000000f838fde40:   0000000000000000 0000000f838fde70
0x0000000f838fde50:   0000000f838fde70 0000000f838fe390
0x0000000f838fde60:   0000000f838fe380 0000000000000000
0x0000000f838fde70:   00000000deda38b8 0000013ddee214f8
0x0000000f838fde80:   0000010100000016 00007ffed8a608b0
0x0000000f838fde90:   0000b0555fc05e00 0000013de39853f0
0x0000000f838fdea0:   00001fa00010000f 0000001cdf170033
0x0000000f838fdeb0:   00010213002b0000 0000013ddee214f8
0x0000000f838fdec0:   0000000100000001 00007ffed8a5f4f0
0x0000000f838fded0:   0000b0555fc05151 00007ffed8a5ea22 

Instructions: (pc=0x00007fff09642c62)
0x00007fff09642b62:   41 83 f8 e7 73 09 48 83 c1 18 48 3b cb 72 c3 b8
0x00007fff09642b72:   7b 00 00 c0 89 44 24 20 4c 8b 54 24 28 eb 15 b8
0x00007fff09642b82:   7b 00 00 c0 eb cc b8 7b 00 00 c0 89 44 24 20 4c
0x00007fff09642b92:   8b 54 24 28 eb 13 b8 7b 00 00 c0 89 44 24 20 4c
0x00007fff09642ba2:   8b 4c 24 68 4c 8b 54 24 28 85 c0 78 03 4d 89 11
0x00007fff09642bb2:   48 83 c4 40 5b c3 cc b1 01 48 83 fb 40 0f 83 5b
0x00007fff09642bc2:   ff ff ff b8 7b 00 00 c0 eb e6 cc cc cc cc cc cc
0x00007fff09642bd2:   cc cc cc cc cc cc cc cc cc cc cc cc cc cc 48 89
0x00007fff09642be2:   5c 24 18 4c 89 74 24 20 41 57 48 83 ec 40 4d 8b
0x00007fff09642bf2:   f0 4c 8b fa 48 8b d9 4d 85 c0 0f 85 3c 01 00 00
0x00007fff09642c02:   48 8b 0d 0f e9 14 00 48 89 74 24 50 48 89 7c 24
0x00007fff09642c12:   58 48 3b d9 0f 83 ec 00 00 00 48 8d 54 24 20 48
0x00007fff09642c22:   8b cb e8 17 03 00 00 48 8b f8 48 85 ff 0f 84 da
0x00007fff09642c32:   02 00 00 8b 4c 24 34 48 b8 ab aa aa aa aa aa aa
0x00007fff09642c42:   aa 4c 8b 44 24 28 33 f6 48 f7 e1 4d 89 07 48 c1
0x00007fff09642c52:   ea 03 85 d2 74 73 8d 42 ff 49 2b d8 48 8d 04 40
0x00007fff09642c62:   44 8b 1c 87 4c 8d 14 87 49 3b db 73 48 44 8d 42
0x00007fff09642c72:   fe 44 8b ce 45 85 c0 78 3c 0f 1f 44 00 00 43 8d
0x00007fff09642c82:   04 08 d1 f8 48 63 c8 48 8d 14 49 4c 8d 14 97 8b
0x00007fff09642c92:   14 97 48 3b da 72 12 41 8b 4a 0c 44 8b da 48 3b
0x00007fff09642ca2:   d9 72 12 44 8d 48 01 eb 04 44 8d 40 ff 44 8b da
0x00007fff09642cb2:   45 3b c1 7d c9 41 8b c3 48 3b d8 72 0c 41 8b 42
0x00007fff09642cc2:   04 48 3b d8 73 03 49 8b f2 48 8b 7c 24 58 48 85
0x00007fff09642cd2:   f6 74 19 4d 85 f6 0f 85 ea 00 00 00 48 85 f6 74
0x00007fff09642ce2:   0b 8b 46 08 a8 01 0f 85 34 02 00 00 48 8b c6 48
0x00007fff09642cf2:   8b 74 24 50 48 8b 5c 24 60 4c 8b 74 24 68 48 83
0x00007fff09642d02:   c4 40 41 5f c3 cc 8b 05 12 e8 14 00 48 03 c1 48
0x00007fff09642d12:   3b d8 0f 83 02 ff ff ff 0f 28 0d ef e7 14 00 f2
0x00007fff09642d22:   0f 10 05 f7 e7 14 00 66 48 0f 7e cf 0f 11 4c 24
0x00007fff09642d32:   20 f2 0f 11 44 24 30 e9 ee fe ff ff 41 80 78 07
0x00007fff09642d42:   00 4c 8d 1d d6 e6 14 00 0f 85 6b 01 00 00 41 80
0x00007fff09642d52:   78 06 00 0f 84 a7 fe ff ff 48 3b 1d c6 e6 14 00 


Stack slot to memory mapping:
stack at sp + 0 slots: 0x0 is NULL
stack at sp + 1 slots: 0x0000000f00000000 is an unknown value
stack at sp + 2 slots: 0x0000000f838fde00 is pointing into the stack for thread: 0x0000013de39853f0
stack at sp + 3 slots: 0x0000000f838fde08 is pointing into the stack for thread: 0x0000013de39853f0
stack at sp + 4 slots: 0x00007ffefe5fd000 is an unknown value
stack at sp + 5 slots: 0x00007ffefe440000 is an unknown value
stack at sp + 6 slots: 0x0000c1e0001cf000 is an unknown value
stack at sp + 7 slots: 0x0 is NULL


Compiled method (c1)    5552  962   !   3       sun.awt.image.VolatileSurfaceManager::validate (213 bytes)
 total in heap  [0x0000013dc44f8910,0x0000013dc44f9d78] = 5224
 relocation     [0x0000013dc44f8a68,0x0000013dc44f8b78] = 272
 main code      [0x0000013dc44f8b80,0x0000013dc44f99c0] = 3648
 stub code      [0x0000013dc44f99c0,0x0000013dc44f9a68] = 168
 metadata       [0x0000013dc44f9a68,0x0000013dc44f9af0] = 136
 scopes data    [0x0000013dc44f9af0,0x0000013dc44f9be0] = 240
 scopes pcs     [0x0000013dc44f9be0,0x0000013dc44f9ce0] = 256
 dependencies   [0x0000013dc44f9ce0,0x0000013dc44f9d08] = 40
 handler table  [0x0000013dc44f9d08,0x0000013dc44f9d50] = 72
 nul chk table  [0x0000013dc44f9d50,0x0000013dc44f9d78] = 40

[Constant Pool (empty)]

[MachCode]
[Entry Point]
  # {method} {0x0000013ddedec0d0} 'validate' '(Ljava/awt/GraphicsConfiguration;)I' in 'sun/awt/image/VolatileSurfaceManager'
  # this:     rdx:rdx   = 'sun/awt/image/VolatileSurfaceManager'
  # parm0:    r8:r8     = 'java/awt/GraphicsConfiguration'
  #           [sp+0x70]  (sp of caller)
  0x0000013dc44f8b80: 448b 5208 | 49bb 0000 | 0000 0800 | 0000 4d03 | d34c 3bd0 

  0x0000013dc44f8b94: ;   {runtime_call ic_miss_stub}
  0x0000013dc44f8b94: 0f85 e63e | 94ff 660f | 1f44 0000 
[Verified Entry Point]
  0x0000013dc44f8ba0: 8984 2400 | 90ff ff55 | 4883 ec60 | 4889 5424 

  0x0000013dc44f8bb0: ;   {metadata(method data for {method} {0x0000013ddedec0d0} 'validate' '(Ljava/awt/GraphicsConfiguration;)I' in 'sun/awt/image/VolatileSurfaceManager')}
  0x0000013dc44f8bb0: 4048 be20 | b22a df3d | 0100 008b | becc 0000 | 0083 c702 | 89be cc00 | 0000 81e7 | fe07 0000 
  0x0000013dc44f8bd0: 83ff 000f | 8435 0b00 | 000f be72 | 10c6 4210 | 0048 8bfa 

  0x0000013dc44f8be4: ;   {metadata(method data for {method} {0x0000013ddedec0d0} 'validate' '(Ljava/awt/GraphicsConfiguration;)I' in 'sun/awt/image/VolatileSurfaceManager')}
  0x0000013dc44f8be4: 48bb 20b2 | 2adf 3d01 

  0x0000013dc44f8bec: ;   {metadata('sun/java2d/d3d/D3DVolatileSurfaceManager')}
  0x0000013dc44f8bec: 0000 49ba | d8df c900 | 0800 0000 | 4c89 9320 | 0100 0048 | 8383 2801 | 0000 010f | be7a 1183 
  0x0000013dc44f8c0c: e701 83ff 

  0x0000013dc44f8c10: ;   {metadata(method data for {method} {0x0000013ddedec0d0} 'validate' '(Ljava/awt/GraphicsConfiguration;)I' in 'sun/awt/image/VolatileSurfaceManager')}
  0x0000013dc44f8c10: 0048 bf20 | b22a df3d | 0100 0048 | bb48 0100 | 0000 0000 | 000f 840a | 0000 0048 | bb58 0100 
  0x0000013dc44f8c30: 0000 0000 | 0048 8b04 | 1f48 8d40 | 0148 8904 | 1f0f 843e | 0600 0048 

  0x0000013dc44f8c48: ;   {metadata(method data for {method} {0x0000013ddedec0d0} 'validate' '(Ljava/awt/GraphicsConfiguration;)I' in 'sun/awt/image/VolatileSurfaceManager')}
  0x0000013dc44f8c48: 8bfa 48bb | 20b2 2adf | 3d01 0000 

  0x0000013dc44f8c54: ;   {metadata('sun/java2d/d3d/D3DVolatileSurfaceManager')}
  0x0000013dc44f8c54: 49ba d8df | c900 0800 | 0000 4c89 | 9378 0100 | 0048 8383 | 8001 0000 

  0x0000013dc44f8c6c: ;   {metadata(method data for {method} {0x0000013ddf1d5f88} 'isConfigValid' '(Ljava/awt/GraphicsConfiguration;)Z' in 'sun/java2d/d3d/D3DVolatileSurfaceManager')}
  0x0000013dc44f8c6c: 0148 bff8 | b72a df3d | 0100 008b | 9fcc 0000 | 0083 c302 | 899f cc00 | 0000 81e3 | feff 1f00 
  0x0000013dc44f8c8c: 83fb 000f | 849a 0a00 | 0049 83f8 

  0x0000013dc44f8c98: ;   {metadata(method data for {method} {0x0000013ddf1d5f88} 'isConfigValid' '(Ljava/awt/GraphicsConfiguration;)Z' in 'sun/java2d/d3d/D3DVolatileSurfaceManager')}
  0x0000013dc44f8c98: 0048 bff8 | b72a df3d | 0100 0048 | bb10 0100 | 0000 0000 | 000f 840a | 0000 0048 | bb20 0100 
  0x0000013dc44f8cb8: 0000 0000 | 0048 8b04 | 1f48 8d40 | 0148 8904 | 1f0f 8470 | 0000 008b | 7a14 48c1 | e703 483b 
  0x0000013dc44f8cd8: 0748 8bdf 

  0x0000013dc44f8cdc: ;   {metadata(method data for {method} {0x0000013ddf1d5f88} 'isConfigValid' '(Ljava/awt/GraphicsConfiguration;)Z' in 'sun/java2d/d3d/D3DVolatileSurfaceManager')}
  0x0000013dc44f8cdc: 48b8 f8b7 | 2adf 3d01 

  0x0000013dc44f8ce4: ;   {metadata('sun/awt/image/SunVolatileImage')}
  0x0000013dc44f8ce4: 0000 49ba | f8ca c600 | 0800 0000 | 4c89 9040 | 0100 0048 | 8380 4801 | 0000 018b | 7f2c 48c1 
  0x0000013dc44f8d04: e703 4c3b 

  0x0000013dc44f8d08: ;   {metadata(method data for {method} {0x0000013ddf1d5f88} 'isConfigValid' '(Ljava/awt/GraphicsConfiguration;)Z' in 'sun/java2d/d3d/D3DVolatileSurfaceManager')}
  0x0000013dc44f8d08: c748 bff8 | b72a df3d | 0100 0048 | bb68 0100 | 0000 0000 | 000f 850a | 0000 0048 | bb78 0100 
  0x0000013dc44f8d28: 0000 0000 | 0048 8b04 | 1f48 8d40 | 0148 8904 | 1f0f 851a 

  0x0000013dc44f8d3c: ;   {metadata(method data for {method} {0x0000013ddf1d5f88} 'isConfigValid' '(Ljava/awt/GraphicsConfiguration;)Z' in 'sun/java2d/d3d/D3DVolatileSurfaceManager')}
  0x0000013dc44f8d3c: 0000 0048 | bff8 b72a | df3d 0100 | 00ff 8788 | 0100 00bf | 0100 0000 | e905 0000 | 00bf 0000 
  0x0000013dc44f8d5c: 0000 83e7 | 0183 ff00 

  0x0000013dc44f8d64: ;   {metadata(method data for {method} {0x0000013ddedec0d0} 'validate' '(Ljava/awt/GraphicsConfiguration;)I' in 'sun/awt/image/VolatileSurfaceManager')}
  0x0000013dc44f8d64: 48bf 20b2 | 2adf 3d01 | 0000 48bb | a001 0000 | 0000 0000 | 0f85 0a00 | 0000 48bb | b001 0000 
  0x0000013dc44f8d84: 0000 0000 | 488b 041f | 488d 4001 | 4889 041f | 0f85 1a00 

  0x0000013dc44f8d98: ;   {metadata(method data for {method} {0x0000013ddedec0d0} 'validate' '(Ljava/awt/GraphicsConfiguration;)I' in 'sun/awt/image/VolatileSurfaceManager')}
  0x0000013dc44f8d98: 0000 48be | 20b2 2adf | 3d01 0000 | ff86 c001 | 0000 be02 | 0000 00e9 | 7707 0000 | 8b7a 1c48 
  0x0000013dc44f8db8: c1e7 0348 

  0x0000013dc44f8dbc: ;   {metadata(method data for {method} {0x0000013ddedec0d0} 'validate' '(Ljava/awt/GraphicsConfiguration;)I' in 'sun/awt/image/VolatileSurfaceManager')}
  0x0000013dc44f8dbc: 83ff 0048 | bb20 b22a | df3d 0100 | 0048 b8d8 | 0100 0000 | 0000 000f | 850a 0000 | 0048 b8e8 
  0x0000013dc44f8ddc: 0100 0000 | 0000 0048 | 8b0c 0348 | 8d49 0148 | 890c 030f | 85fb 0100 | 0048 8bf2 

  0x0000013dc44f8df8: ;   {metadata(method data for {method} {0x0000013ddedec0d0} 'validate' '(Ljava/awt/GraphicsConfiguration;)I' in 'sun/awt/image/VolatileSurfaceManager')}
  0x0000013dc44f8df8: 48bf 20b2 | 2adf 3d01 

  0x0000013dc44f8e00: ;   {metadata('sun/java2d/d3d/D3DVolatileSurfaceManager')}
  0x0000013dc44f8e00: 0000 49ba | d8df c900 | 0800 0000 | 4c89 9708 | 0200 0048 | 8387 1002 | 0000 0148 | 8bf2 488b 
  0x0000013dc44f8e20: d666 0f1f 

  0x0000013dc44f8e24: ;   {optimized virtual_call}
  0x0000013dc44f8e24: 4400 00e8 

  0x0000013dc44f8e28: ; ImmutableOopMap {[64]=Oop }
                      ;*invokevirtual initAcceleratedSurface {reexecute=0 rethrow=0 return_oop=0}
                      ; - sun.awt.image.VolatileSurfaceManager::validate@41 (line 182)
  0x0000013dc44f8e28: 543f 94ff | 410f be57 | 3883 fa00 | 488b 5424 | 400f 8516 | 0900 004c | 8bd0 49c1 | ea03 4489 
  0x0000013dc44f8e48: 521c 488b | f248 33f0 | 48c1 ee15 | 4883 fe00 | 0f85 1609 | 0000 4883 

  0x0000013dc44f8e60: ;   {metadata(method data for {method} {0x0000013ddedec0d0} 'validate' '(Ljava/awt/GraphicsConfiguration;)I' in 'sun/awt/image/VolatileSurfaceManager')}
  0x0000013dc44f8e60: f800 48be | 20b2 2adf | 3d01 0000 | 48bf 3002 | 0000 0000 | 0000 0f84 | 0a00 0000 | 48bf 4002 
  0x0000013dc44f8e80: 0000 0000 | 0000 488b | 1c3e 488d | 5b01 4889 | 1c3e 0f84 | 6300 0000 | 8b72 1c48 | c1e6 0341 
  0x0000013dc44f8ea0: 0fbe 7f38 | 83ff 000f | 85df 0800 | 004c 8bd6 | 49c1 ea03 | 4489 5224 | 488b fa48 | 33fe 48c1 
  0x0000013dc44f8ec0: ef15 4883 | ff00 0f85 | df08 0000 | 410f be77 | 3883 fe00 | 0f85 e908 | 0000 c742 | 2000 0000 
  0x0000013dc44f8ee0: ;   {metadata(method data for {method} {0x0000013ddedec0d0} 'validate' '(Ljava/awt/GraphicsConfiguration;)I' in 'sun/awt/image/VolatileSurfaceManager')}
  0x0000013dc44f8ee0: 0048 be20 | b22a df3d | 0100 00ff | 8650 0200 | 00be 0100 | 0000 e930 | 0600 0048 

  0x0000013dc44f8efc: ;   {metadata(method data for {method} {0x0000013ddedec0d0} 'validate' '(Ljava/awt/GraphicsConfiguration;)I' in 'sun/awt/image/VolatileSurfaceManager')}
  0x0000013dc44f8efc: 8bf2 48bf | 20b2 2adf | 3d01 0000 | 8b76 0849 | ba00 0000 | 0008 0000 | 0049 03f2 | 483b b778 
  0x0000013dc44f8f1c: 0200 0075 | 0d48 8387 | 8002 0000 | 01e9 6600 | 0000 483b | b788 0200 | 0075 0d48 | 8387 9002 
  0x0000013dc44f8f3c: 0000 01e9 | 5000 0000 | 4881 bf78 | 0200 0000 | 0000 0075 | 1748 89b7 | 7802 0000 | 48c7 8780 
  0x0000013dc44f8f5c: 0200 0001 | 0000 00e9 | 2c00 0000 | 4881 bf88 | 0200 0000 | 0000 0075 | 1748 89b7 | 8802 0000 
  0x0000013dc44f8f7c: 48c7 8790 | 0200 0001 | 0000 00e9 | 0800 0000 | 4883 8768 | 0200 0001 | 488b f248 | 8bd6 0f1f 
  0x0000013dc44f8f9c: ;   {optimized virtual_call}
  0x0000013dc44f8f9c: 4400 00e8 

  0x0000013dc44f8fa0: ; ImmutableOopMap {[64]=Oop }
                      ;*invokevirtual getBackupSurface {reexecute=0 rethrow=0 return_oop=0}
                      ; - sun.awt.image.VolatileSurfaceManager::validate@74 (line 191)
  0x0000013dc44f8fa0: dc3d 94ff | 410f be57 | 3883 fa00 | 488b 5424 | 400f 852b | 0800 004c | 8bd0 49c1 | ea03 4489 
  0x0000013dc44f8fc0: 5224 488b | f248 33f0 | 48c1 ee15 | 4883 fe00 | 0f85 2b08 

  0x0000013dc44f8fd4: ;   {metadata(method data for {method} {0x0000013ddedec0d0} 'validate' '(Ljava/awt/GraphicsConfiguration;)I' in 'sun/awt/image/VolatileSurfaceManager')}
  0x0000013dc44f8fd4: 0000 48be | 20b2 2adf | 3d01 0000 | ff86 a002 | 0000 be00 | 0000 00e9 | 3b05 0000 

  0x0000013dc44f8ff0: ; implicit exception: dispatches to 0x0000013dc44f9819
  0x0000013dc44f8ff0: 483b 0748 

  0x0000013dc44f8ff4: ;   {metadata(method data for {method} {0x0000013ddedec0d0} 'validate' '(Ljava/awt/GraphicsConfiguration;)I' in 'sun/awt/image/VolatileSurfaceManager')}
  0x0000013dc44f8ff4: 8bdf 48b8 | 20b2 2adf | 3d01 0000 | 8b5b 0849 | ba00 0000 | 0008 0000 | 0049 03da | 483b 98c8 
  0x0000013dc44f9014: 0200 0075 | 0d48 8380 | d002 0000 | 01e9 6600 | 0000 483b | 98d8 0200 | 0075 0d48 | 8380 e002 
  0x0000013dc44f9034: 0000 01e9 | 5000 0000 | 4881 b8c8 | 0200 0000 | 0000 0075 | 1748 8998 | c802 0000 | 48c7 80d0 
  0x0000013dc44f9054: 0200 0001 | 0000 00e9 | 2c00 0000 | 4881 b8d8 | 0200 0000 | 0000 0075 | 1748 8998 | d802 0000 
  0x0000013dc44f9074: 48c7 80e0 | 0200 0001 | 0000 00e9 | 0800 0000 | 4883 80b8 | 0200 0001 | 0fbe 7f21 | 83e7 0183 
  0x0000013dc44f9094: ;   {metadata(method data for {method} {0x0000013ddedec0d0} 'validate' '(Ljava/awt/GraphicsConfiguration;)I' in 'sun/awt/image/VolatileSurfaceManager')}
  0x0000013dc44f9094: ff00 48bf | 20b2 2adf | 3d01 0000 | 48bb f002 | 0000 0000 | 0000 0f84 | 0a00 0000 | 48bb 0003 
  0x0000013dc44f90b4: 0000 0000 | 0000 488b | 041f 488d | 4001 4889 | 041f 0f84 | 5c01 0000 

  0x0000013dc44f90cc: ;   {metadata(method data for {method} {0x0000013ddedec0d0} 'validate' '(Ljava/awt/GraphicsConfiguration;)I' in 'sun/awt/image/VolatileSurfaceManager')}
  0x0000013dc44f90cc: 488b f248 | bf20 b22a | df3d 0100 

  0x0000013dc44f90d8: ;   {metadata('sun/java2d/d3d/D3DVolatileSurfaceManager')}
  0x0000013dc44f90d8: 0049 bad8 | dfc9 0008 | 0000 004c | 8997 2003 | 0000 4883 | 8728 0300 | 0001 488b | f248 8bd6 
  0x0000013dc44f90f8: 0f1f 8000 

  0x0000013dc44f90fc: ;   {optimized virtual_call}
  0x0000013dc44f90fc: 0000 00e8 

  0x0000013dc44f9100: ; ImmutableOopMap {[64]=Oop }
                      ;*invokevirtual restoreAcceleratedSurface {reexecute=0 rethrow=0 return_oop=0}
                      ; - sun.awt.image.VolatileSurfaceManager::validate@94 (line 195)
  0x0000013dc44f9100: e108 0000 | 488b 5424 | 408b 721c | 48c1 e603 | 450f be47 | 3841 83f8 | 000f 85ff | 0600 004c 
  0x0000013dc44f9120: 8bd6 49c1 | ea03 4489 | 5224 4c8b | c24c 33c6 | 49c1 e815 | 4983 f800 | 0f85 0007 | 0000 483b 
  0x0000013dc44f9140: 064c 8bc6 

  0x0000013dc44f9144: ;   {metadata(method data for {method} {0x0000013ddedec0d0} 'validate' '(Ljava/awt/GraphicsConfiguration;)I' in 'sun/awt/image/VolatileSurfaceManager')}
  0x0000013dc44f9144: 48bf 20b2 | 2adf 3d01 | 0000 458b | 4008 49ba | 0000 0000 | 0800 0000 | 4d03 c24c | 3b87 5803 
  0x0000013dc44f9164: 0000 750d | 4883 8760 | 0300 0001 | e966 0000 | 004c 3b87 | 6803 0000 | 750d 4883 | 8770 0300 
  0x0000013dc44f9184: 0001 e950 | 0000 0048 | 81bf 5803 | 0000 0000 | 0000 7517 | 4c89 8758 | 0300 0048 | c787 6003 
  0x0000013dc44f91a4: 0000 0100 | 0000 e92c | 0000 0048 | 81bf 6803 | 0000 0000 | 0000 7517 | 4c89 8768 | 0300 0048 
  0x0000013dc44f91c4: c787 7003 | 0000 0100 | 0000 e908 | 0000 0048 | 8387 4803 | 0000 0141 | b800 0000 | 0048 8bd6 
  0x0000013dc44f91e4: 9048 b8ff | ffff ffff 

  0x0000013dc44f91ec: ;   {virtual_call}
  0x0000013dc44f91ec: ffff ffe8 

  0x0000013dc44f91f0: ; ImmutableOopMap {[64]=Oop }
                      ;*invokevirtual setSurfaceLost {reexecute=0 rethrow=0 return_oop=0}
                      ; - sun.awt.image.VolatileSurfaceManager::validate@110 (line 199)
  0x0000013dc44f91f0: 8c3e 94ff | 410f be57 | 3883 fa00 | 488b 5424 | 400f 8554 | 0600 00c7 | 4220 0000 

  0x0000013dc44f920c: ;   {metadata(method data for {method} {0x0000013ddedec0d0} 'validate' '(Ljava/awt/GraphicsConfiguration;)I' in 'sun/awt/image/VolatileSurfaceManager')}
  0x0000013dc44f920c: 0000 48be | 20b2 2adf | 3d01 0000 | ff86 8003 | 0000 be01 | 0000 00e9 | 0303 0000 

  0x0000013dc44f9228: ;   {metadata(method data for {method} {0x0000013ddedec0d0} 'validate' '(Ljava/awt/GraphicsConfiguration;)I' in 'sun/awt/image/VolatileSurfaceManager')}
  0x0000013dc44f9228: 83fe 0048 | be20 b22a | df3d 0100 | 0048 bff8 | 0300 0000 | 0000 000f | 850a 0000 | 0048 bfe8 
  0x0000013dc44f9248: 0300 0000 | 0000 0048 | 8b1c 3e48 | 8d5b 0148 | 891c 3e0f | 850a 0000 | 00be 0000 | 0000 e9c0 
  0x0000013dc44f9268: ;   {metadata(method data for {method} {0x0000013ddedec0d0} 'validate' '(Ljava/awt/GraphicsConfiguration;)I' in 'sun/awt/image/VolatileSurfaceManager')}
  0x0000013dc44f9268: 0200 0048 | be20 b22a | df3d 0100 | 00ff 8608 | 0400 00be | 0100 0000 | e9a6 0200 | 008b 7a1c 
  0x0000013dc44f9288: 48c1 e703 | 4883 ff00 

  0x0000013dc44f9290: ;   {metadata(method data for {method} {0x0000013ddedec0d0} 'validate' '(Ljava/awt/GraphicsConfiguration;)I' in 'sun/awt/image/VolatileSurfaceManager')}
  0x0000013dc44f9290: 48bf 20b2 | 2adf 3d01 | 0000 48bb | 2004 0000 | 0000 0000 | 0f84 0a00 | 0000 48bb | 3004 0000 
  0x0000013dc44f92b0: 0000 0000 | 488b 041f | 488d 4001 | 4889 041f | 0f84 0701 | 0000 488b 

  0x0000013dc44f92c8: ;   {metadata(method data for {method} {0x0000013ddedec0d0} 'validate' '(Ljava/awt/GraphicsConfiguration;)I' in 'sun/awt/image/VolatileSurfaceManager')}
  0x0000013dc44f92c8: f248 bf20 | b22a df3d | 0100 008b | 7608 49ba | 0000 0000 | 0800 0000 | 4903 f248 | 3bb7 5004 
  0x0000013dc44f92e8: 0000 750d | 4883 8758 | 0400 0001 | e966 0000 | 0048 3bb7 | 6004 0000 | 750d 4883 | 8768 0400 
  0x0000013dc44f9308: 0001 e950 | 0000 0048 | 81bf 5004 | 0000 0000 | 0000 7517 | 4889 b750 | 0400 0048 | c787 5804 
  0x0000013dc44f9328: 0000 0100 | 0000 e92c | 0000 0048 | 81bf 6004 | 0000 0000 | 0000 7517 | 4889 b760 | 0400 0048 
  0x0000013dc44f9348: c787 6804 | 0000 0100 | 0000 e908 | 0000 0048 | 8387 4004 | 0000 0148 | 8bf2 488b 

  0x0000013dc44f9364: ;   {optimized virtual_call}
  0x0000013dc44f9364: d666 90e8 

  0x0000013dc44f9368: ; ImmutableOopMap {[64]=Oop }
                      ;*invokevirtual getBackupSurface {reexecute=0 rethrow=0 return_oop=0}
                      ; - sun.awt.image.VolatileSurfaceManager::validate@154 (line 220)
  0x0000013dc44f9368: 143a 94ff | 410f be57 | 3883 fa00 | 488b 5424 | 400f 85fb | 0400 004c | 8bd0 49c1 | ea03 4489 
  0x0000013dc44f9388: 5224 488b | f248 33f0 | 48c1 ee15 | 4883 fe00 | 0f85 fb04 | 0000 410f | be47 3883 | f800 0f85 
  0x0000013dc44f93a8: 0505 0000 | c742 1c00 

  0x0000013dc44f93b0: ;   {metadata(method data for {method} {0x0000013ddedec0d0} 'validate' '(Ljava/awt/GraphicsConfiguration;)I' in 'sun/awt/image/VolatileSurfaceManager')}
  0x0000013dc44f93b0: 0000 0048 | b820 b22a | df3d 0100 | 00ff 8078 | 0400 00be | 0100 0000 | e95e 0100 | 0083 fe00 
  0x0000013dc44f93d0: ;   {metadata(method data for {method} {0x0000013ddedec0d0} 'validate' '(Ljava/awt/GraphicsConfiguration;)I' in 'sun/awt/image/VolatileSurfaceManager')}
  0x0000013dc44f93d0: 48b8 20b2 | 2adf 3d01 | 0000 48be | a004 0000 | 0000 0000 | 0f85 0a00 | 0000 48be | 9004 0000 
  0x0000013dc44f93f0: 0000 0000 | 488b 3c30 | 488d 7f01 | 4889 3c30 | 0f85 0a00 | 0000 be00 | 0000 00e9 | 1b01 0000 
  0x0000013dc44f9410: be01 0000 | 00e9 1101 | 0000 488b | 5424 4049 | 8b87 c803 | 0000 4d33 | d24d 8997 | c803 0000 
  0x0000013dc44f9430: 4d33 d24d | 8997 d003 | 0000 488b 

  0x0000013dc44f943c: ;   {metadata(method data for {method} {0x0000013ddedec0d0} 'validate' '(Ljava/awt/GraphicsConfiguration;)I' in 'sun/awt/image/VolatileSurfaceManager')}
  0x0000013dc44f943c: f248 bf20 | b22a df3d | 0100 008b | 7608 49ba | 0000 0000 | 0800 0000 | 4903 f248 | 3bb7 a803 
  0x0000013dc44f945c: 0000 750d | 4883 87b0 | 0300 0001 | e966 0000 | 0048 3bb7 | b803 0000 | 750d 4883 | 87c0 0300 
  0x0000013dc44f947c: 0001 e950 | 0000 0048 | 81bf a803 | 0000 0000 | 0000 7517 | 4889 b7a8 | 0300 0048 | c787 b003 
  0x0000013dc44f949c: 0000 0100 | 0000 e92c | 0000 0048 | 81bf b803 | 0000 0000 | 0000 7517 | 4889 b7b8 | 0300 0048 
  0x0000013dc44f94bc: c787 c003 | 0000 0100 | 0000 e908 | 0000 0048 | 8387 9803 | 0000 0148 | 8bf2 488b | d666 0f1f 
  0x0000013dc44f94dc: ;   {optimized virtual_call}
  0x0000013dc44f94dc: 4400 00e8 

  0x0000013dc44f94e0: ; ImmutableOopMap {[64]=Oop }
                      ;*invokevirtual getBackupSurface {reexecute=0 rethrow=0 return_oop=0}
                      ; - sun.awt.image.VolatileSurfaceManager::validate@127 (line 209)
  0x0000013dc44f94e0: 9c38 94ff | 410f be57 | 3883 fa00 | 488b 5424 | 400f 85d9 | 0300 004c | 8bd0 49c1 | ea03 4489 
  0x0000013dc44f9500: 5224 488b | f248 33f0 | 48c1 ee15 | 4883 fe00 | 0f85 d903 

  0x0000013dc44f9514: ;   {metadata(method data for {method} {0x0000013ddedec0d0} 'validate' '(Ljava/awt/GraphicsConfiguration;)I' in 'sun/awt/image/VolatileSurfaceManager')}
  0x0000013dc44f9514: 0000 48be | 20b2 2adf | 3d01 0000 | ff86 d003 | 0000 be00 | 0000 0083 

  0x0000013dc44f952c: ;   {metadata(method data for {method} {0x0000013ddedec0d0} 'validate' '(Ljava/awt/GraphicsConfiguration;)I' in 'sun/awt/image/VolatileSurfaceManager')}
  0x0000013dc44f952c: fe02 48bf | 20b2 2adf | 3d01 0000 | 48bb b004 | 0000 0000 | 0000 0f84 | 0a00 0000 | 48bb c004 
  0x0000013dc44f954c: 0000 0000 | 0000 488b | 041f 488d | 4001 4889 | 041f 0f84 | 7900 0000 | 8b7a 2448 | c1e7 038b 
  0x0000013dc44f956c: 5a28 48c1 | e303 483b 

  0x0000013dc44f9574: ;   {metadata(method data for {method} {0x0000013ddedec0d0} 'validate' '(Ljava/awt/GraphicsConfiguration;)I' in 'sun/awt/image/VolatileSurfaceManager')}
  0x0000013dc44f9574: fb48 bb20 | b22a df3d | 0100 0048 | b8d0 0400 | 0000 0000 | 000f 840a | 0000 0048 | b8e0 0400 
  0x0000013dc44f9594: 0000 0000 | 0048 8b0c | 0348 8d49 | 0148 890c | 030f 8432 | 0000 0041 | 0fbe 7738 | 83fe 000f 
  0x0000013dc44f95b4: 854e 0300 | 004c 8bd7 | 49c1 ea03 | 4489 5228 | 488b f248 | 33f7 48c1 | ee15 4883 | fe00 0f85 
  0x0000013dc44f95d4: 4e03 0000 | be01 0000 | 0083 fe01 

  0x0000013dc44f95e0: ;   {metadata(method data for {method} {0x0000013ddedec0d0} 'validate' '(Ljava/awt/GraphicsConfiguration;)I' in 'sun/awt/image/VolatileSurfaceManager')}
  0x0000013dc44f95e0: 48bf 20b2 | 2adf 3d01 | 0000 48bb | f004 0000 | 0000 0000 | 0f85 0a00 | 0000 48bb | 0005 0000 
  0x0000013dc44f9600: 0000 0000 | 488b 041f | 488d 4001 | 4889 041f | 0f85 e200 | 0000 488b 

  0x0000013dc44f9618: ;   {metadata(method data for {method} {0x0000013ddedec0d0} 'validate' '(Ljava/awt/GraphicsConfiguration;)I' in 'sun/awt/image/VolatileSurfaceManager')}
  0x0000013dc44f9618: fa48 bb20 | b22a df3d 

  0x0000013dc44f9620: ;   {metadata('sun/java2d/d3d/D3DVolatileSurfaceManager')}
  0x0000013dc44f9620: 0100 0049 | bad8 dfc9 | 0008 0000 | 004c 8993 | 2005 0000 | 4883 8328 | 0500 0001 

  0x0000013dc44f963c: ;   {metadata(method data for {method} {0x0000013ddf1d6580} 'initContents' '()V' in 'sun/java2d/d3d/D3DVolatileSurfaceManager')}
  0x0000013dc44f963c: 48bf b8c4 | 2adf 3d01 | 0000 8b9f | cc00 0000 | 83c3 0289 | 9fcc 0000 | 0081 e3fe | ff1f 0083 
  0x0000013dc44f965c: fb00 0f84 | da02 0000 | 8b7a 1448 | c1e7 0348 | 3b07 488b 

  0x0000013dc44f9670: ;   {metadata(method data for {method} {0x0000013ddf1d6580} 'initContents' '()V' in 'sun/java2d/d3d/D3DVolatileSurfaceManager')}
  0x0000013dc44f9670: df48 b8b8 | c42a df3d 

  0x0000013dc44f9678: ;   {metadata('sun/awt/image/SunVolatileImage')}
  0x0000013dc44f9678: 0100 0049 | baf8 cac6 | 0008 0000 | 004c 8990 | 2001 0000 | 4883 8028 | 0100 0001 | 8b7f 2083 
  0x0000013dc44f9698: ;   {metadata(method data for {method} {0x0000013ddf1d6580} 'initContents' '()V' in 'sun/java2d/d3d/D3DVolatileSurfaceManager')}
  0x0000013dc44f9698: ff03 48bf | b8c4 2adf | 3d01 0000 | 48bb 4801 | 0000 0000 | 0000 0f84 | 0a00 0000 | 48bb 5801 
  0x0000013dc44f96b8: 0000 0000 | 0000 488b | 041f 488d | 4001 4889 | 041f 8974 | 2448 0f84 | 2000 0000 

  0x0000013dc44f96d4: ;   {metadata(method data for {method} {0x0000013ddf1d6580} 'initContents' '()V' in 'sun/java2d/d3d/D3DVolatileSurfaceManager')}
  0x0000013dc44f96d4: 488b fa48 | bbb8 c42a | df3d 0100 | 0048 8383 | 6801 0000 | 0166 0f1f 

  0x0000013dc44f96ec: ;   {optimized virtual_call}
  0x0000013dc44f96ec: 4400 00e8 

  0x0000013dc44f96f0: ; ImmutableOopMap {}
                      ;*invokespecial initContents {reexecute=0 rethrow=0 return_oop=0}
                      ; - sun.java2d.d3d.D3DVolatileSurfaceManager::initContents@12 (line 230)
                      ; - sun.awt.image.VolatileSurfaceManager::validate@208 (line 240)
  0x0000013dc44f96f0: 8c36 94ff | 8b74 2448 | 488b c648 | 83c4 605d 

  0x0000013dc44f9700: ;   {poll_return}
  0x0000013dc44f9700: 493b a738 | 0300 000f | 8757 0200 

  0x0000013dc44f970c: ;   {metadata({method} {0x0000013ddedec0d0} 'validate' '(Ljava/awt/GraphicsConfiguration;)I' in 'sun/awt/image/VolatileSurfaceManager')}
  0x0000013dc44f970c: 00c3 49ba | c8c0 dede | 3d01 0000 | 4c89 5424 | 0848 c704 | 24ff ffff 

  0x0000013dc44f9724: ;   {runtime_call counter_overflow Runtime1 stub}
  0x0000013dc44f9724: ffe8 d628 

  0x0000013dc44f9728: ; ImmutableOopMap {rdx=Oop [64]=Oop r8=Oop }
                      ;*synchronization entry
                      ; - sun.awt.image.VolatileSurfaceManager::validate@-1 (line 168)
  0x0000013dc44f9728: 9fff e9aa 

  0x0000013dc44f972c: ;   {metadata({method} {0x0000013ddf1d5f88} 'isConfigValid' '(Ljava/awt/GraphicsConfiguration;)Z' in 'sun/java2d/d3d/D3DVolatileSurfaceManager')}
  0x0000013dc44f972c: f4ff ff49 | ba80 5f1d | df3d 0100 | 004c 8954 | 2408 48c7 | 0424 ffff 

  0x0000013dc44f9744: ;   {runtime_call counter_overflow Runtime1 stub}
  0x0000013dc44f9744: ffff e8b5 

  0x0000013dc44f9748: ; ImmutableOopMap {rdx=Oop [64]=Oop r8=Oop }
                      ;*synchronization entry
                      ; - sun.java2d.d3d.D3DVolatileSurfaceManager::isConfigValid@-1 (line 128)
                      ; - sun.awt.image.VolatileSurfaceManager::validate@21 (line 173)
  0x0000013dc44f9748: 289f ffe9 | 45f5 ffff 

  0x0000013dc44f9750: ;   {runtime_call throw_null_pointer_exception Runtime1 stub}
  0x0000013dc44f9750: e8cb ce9e 

  0x0000013dc44f9754: ; ImmutableOopMap {rdx=Oop [64]=Oop r8=Oop rdi=Oop }
                      ;*invokevirtual getGraphicsConfig {reexecute=0 rethrow=0 return_oop=0}
                      ; - sun.java2d.d3d.D3DVolatileSurfaceManager::isConfigValid@9 (line 128)
                      ; - sun.awt.image.VolatileSurfaceManager::validate@21 (line 173)
  0x0000013dc44f9754: ff8b 721c | 48c1 e603 | 4883 fe00 | 0f84 d9f6 | ffff 4889 

  0x0000013dc44f9768: ;   {runtime_call g1_pre_barrier_slow}
  0x0000013dc44f9768: 3424 e891 | 349f ffe9 | cbf6 ffff | 4883 f800 | 0f84 e0f6 | ffff 4889 

  0x0000013dc44f9780: ;   {runtime_call g1_post_barrier_slow}
  0x0000013dc44f9780: 1424 e879 | 3a9f ffe9 | d2f6 ffff | 8b7a 2448 | c1e7 0348 | 83ff 000f | 8410 f7ff | ff48 893c 
  0x0000013dc44f97a0: ;   {runtime_call g1_pre_barrier_slow}
  0x0000013dc44f97a0: 24e8 5a34 | 9fff e902 | f7ff ff48 | 83fe 000f | 8417 f7ff | ff48 8914 

  0x0000013dc44f97b8: ;   {runtime_call g1_post_barrier_slow}
  0x0000013dc44f97b8: 24e8 423a | 9fff e909 | f7ff ff8b | 7220 48c1 | e603 4883 | fe00 0f84 | 06f7 ffff | 4889 3424 
  0x0000013dc44f97d8: ;   {runtime_call g1_pre_barrier_slow}
  0x0000013dc44f97d8: e823 349f | ffe9 f8f6 | ffff 8b72 | 2448 c1e6 | 0348 83fe | 000f 84c4 | f7ff ff48 

  0x0000013dc44f97f4: ;   {runtime_call g1_pre_barrier_slow}
  0x0000013dc44f97f4: 8934 24e8 | 0434 9fff | e9b6 f7ff | ff48 83f8 | 000f 84cb | f7ff ff48 

  0x0000013dc44f980c: ;   {runtime_call g1_post_barrier_slow}
  0x0000013dc44f980c: 8914 24e8 | ec39 9fff | e9bd f7ff 

  0x0000013dc44f9818: ;   {runtime_call throw_null_pointer_exception Runtime1 stub}
  0x0000013dc44f9818: ffe8 02ce 

  0x0000013dc44f981c: ; ImmutableOopMap {rdx=Oop [64]=Oop rdi=Oop }
                      ;*invokevirtual isSurfaceLost {reexecute=0 rethrow=0 return_oop=0}
                      ; - sun.awt.image.VolatileSurfaceManager::validate@87 (line 193)
  0x0000013dc44f981c: 9eff 448b | 4224 49c1 | e003 4983 | f800 0f84 | eff8 ffff | 4c89 0424 

  0x0000013dc44f9834: ;   {runtime_call g1_pre_barrier_slow}
  0x0000013dc44f9834: e8c7 339f | ffe9 e1f8 | ffff 4883 | fe00 0f84 | f6f8 ffff | 4889 1424 

  0x0000013dc44f984c: ;   {runtime_call g1_post_barrier_slow}
  0x0000013dc44f984c: e8af 399f | ffe9 e8f8 

  0x0000013dc44f9854: ;   {runtime_call throw_null_pointer_exception Runtime1 stub}
  0x0000013dc44f9854: ffff e8c5 

  0x0000013dc44f9858: ; ImmutableOopMap {rdx=Oop [64]=Oop rsi=Oop }
                      ;*invokevirtual setSurfaceLost {reexecute=0 rethrow=0 return_oop=0}
                      ; - sun.awt.image.VolatileSurfaceManager::validate@110 (line 199)
  0x0000013dc44f9858: cd9e ff8b | 7220 48c1 | e603 4883 | fe00 0f84 | 9bf9 ffff | 4889 3424 

  0x0000013dc44f9870: ;   {runtime_call g1_pre_barrier_slow}
  0x0000013dc44f9870: e88b 339f | ffe9 8df9 | ffff 8b72 | 2448 c1e6 | 0348 83fe | 000f 84f4 | faff ff48 

  0x0000013dc44f988c: ;   {runtime_call g1_pre_barrier_slow}
  0x0000013dc44f988c: 8934 24e8 | 6c33 9fff | e9e6 faff | ff48 83f8 | 000f 84fb | faff ff48 

  0x0000013dc44f98a4: ;   {runtime_call g1_post_barrier_slow}
  0x0000013dc44f98a4: 8914 24e8 | 5439 9fff | e9ed faff | ff8b 421c | 48c1 e003 | 4883 f800 | 0f84 eafa | ffff 4889 
  0x0000013dc44f98c4: ;   {runtime_call g1_pre_barrier_slow}
  0x0000013dc44f98c4: 0424 e835 | 339f ffe9 | dcfa ffff | 8b72 2448 | c1e6 0348 | 83fe 000f | 8416 fcff | ff48 8934 
  0x0000013dc44f98e4: ;   {runtime_call g1_pre_barrier_slow}
  0x0000013dc44f98e4: 24e8 1633 | 9fff e908 | fcff ff48 | 83f8 000f | 841d fcff | ff48 8914 

  0x0000013dc44f98fc: ;   {runtime_call g1_post_barrier_slow}
  0x0000013dc44f98fc: 24e8 fe38 | 9fff e90f | fcff ff8b | 7228 48c1 | e603 4883 | fe00 0f84 | a1fc ffff | 4889 3424 
  0x0000013dc44f991c: ;   {runtime_call g1_pre_barrier_slow}
  0x0000013dc44f991c: e8df 329f | ffe9 93fc | ffff 4883 | ff00 0f84 | a8fc ffff | 4889 1424 

  0x0000013dc44f9934: ;   {runtime_call g1_post_barrier_slow}
  0x0000013dc44f9934: e8c7 389f | ffe9 9afc 

  0x0000013dc44f993c: ;   {metadata({method} {0x0000013ddf1d6580} 'initContents' '()V' in 'sun/java2d/d3d/D3DVolatileSurfaceManager')}
  0x0000013dc44f993c: ffff 49ba | 7865 1ddf | 3d01 0000 | 4c89 5424 | 0848 c704 | 24ff ffff 

  0x0000013dc44f9954: ;   {runtime_call counter_overflow Runtime1 stub}
  0x0000013dc44f9954: ffe8 a626 

  0x0000013dc44f9958: ; ImmutableOopMap {rdx=Oop [64]=Oop }
                      ;*synchronization entry
                      ; - sun.java2d.d3d.D3DVolatileSurfaceManager::initContents@-1 (line 229)
                      ; - sun.awt.image.VolatileSurfaceManager::validate@208 (line 240)
  0x0000013dc44f9958: 9fff e905 

  0x0000013dc44f995c: ;   {runtime_call throw_null_pointer_exception Runtime1 stub}
  0x0000013dc44f995c: fdff ffe8 

  0x0000013dc44f9960: ; ImmutableOopMap {rdx=Oop [64]=Oop rdi=Oop }
                      ;*invokevirtual getForcedAccelSurfaceType {reexecute=0 rethrow=0 return_oop=0}
                      ; - sun.java2d.d3d.D3DVolatileSurfaceManager::initContents@4 (line 229)
                      ; - sun.awt.image.VolatileSurfaceManager::validate@208 (line 240)
  0x0000013dc44f9960: bccc 9eff 

  0x0000013dc44f9964: ;   {internal_word}
  0x0000013dc44f9964: 49ba 0097 | 4fc4 3d01 | 0000 4d89 | 9750 0300 

  0x0000013dc44f9974: ;   {runtime_call SafepointBlob}
  0x0000013dc44f9974: 00e9 869a | 94ff 9090 | 498b 87c8 | 0300 0049 | c787 c803 | 0000 0000 | 0000 49c7 | 87d0 0300 
  0x0000013dc44f9994: 0000 0000 | 0048 83c4 

  0x0000013dc44f999c: ;   {runtime_call unwind_exception Runtime1 stub}
  0x0000013dc44f999c: 605d e9dd | ec95 fff4 | f4f4 f4f4 | f4f4 f4f4 | f4f4 f4f4 | f4f4 f4f4 | f4f4 f4f4 | f4f4 f4f4 
  0x0000013dc44f99bc: f4f4 f4f4 
[Stub Code]
  0x0000013dc44f99c0: ;   {no_reloc}
  0x0000013dc44f99c0: 0f1f 4400 

  0x0000013dc44f99c4: ;   {static_stub}
  0x0000013dc44f99c4: 0048 bb00 | 0000 0000 

  0x0000013dc44f99cc: ;   {runtime_call}
  0x0000013dc44f99cc: 0000 00e9 | fbff ffff 

  0x0000013dc44f99d4: ;   {static_stub}
  0x0000013dc44f99d4: 9048 bb00 | 0000 0000 

  0x0000013dc44f99dc: ;   {runtime_call}
  0x0000013dc44f99dc: 0000 00e9 | fbff ffff 

  0x0000013dc44f99e4: ;   {static_stub}
  0x0000013dc44f99e4: 9048 bbc0 | 621d df3d 

  0x0000013dc44f99ec: ;   {runtime_call I2C/C2I adapters}
  0x0000013dc44f99ec: 0100 00e9 | 657d 94ff 

  0x0000013dc44f99f4: ;   {static_stub}
  0x0000013dc44f99f4: 9048 bb00 | 0000 0000 

  0x0000013dc44f99fc: ;   {runtime_call}
  0x0000013dc44f99fc: 0000 00e9 | fbff ffff 

  0x0000013dc44f9a04: ;   {static_stub}
  0x0000013dc44f9a04: 9048 bb00 | 0000 0000 

  0x0000013dc44f9a0c: ;   {runtime_call}
  0x0000013dc44f9a0c: 0000 00e9 | fbff ffff 

  0x0000013dc44f9a14: ;   {static_stub}
  0x0000013dc44f9a14: 9048 bb00 | 0000 0000 

  0x0000013dc44f9a1c: ;   {runtime_call}
  0x0000013dc44f9a1c: 0000 00e9 | fbff ffff 

  0x0000013dc44f9a24: ;   {static_stub}
  0x0000013dc44f9a24: 9048 bb00 | 0000 0000 

  0x0000013dc44f9a2c: ;   {runtime_call}
  0x0000013dc44f9a2c: 0000 00e9 | fbff ffff 
[Exception Handler]
  0x0000013dc44f9a34: ;   {runtime_call handle_exception_from_callee Runtime1 stub}
  0x0000013dc44f9a34: e8c7 f29e 

  0x0000013dc44f9a38: ;   {external_word}
  0x0000013dc44f9a38: ff48 b928 | 3fc5 d8fe | 7f00 0048 

  0x0000013dc44f9a44: ;   {runtime_call}
  0x0000013dc44f9a44: 83e4 f049 | ba80 e192 | d8fe 7f00 | 0041 ffd2 

  0x0000013dc44f9a54: ;   {section_word}
  0x0000013dc44f9a54: f449 ba55 | 9a4f c43d | 0100 0041 

  0x0000013dc44f9a60: ;   {runtime_call DeoptimizationBlob}
  0x0000013dc44f9a60: 52e9 3a8c | 94ff f4f4 
[/MachCode]


Compiled method (c1)    5586  961       3       sun.awt.image.SunVolatileImage::validate (9 bytes)
 total in heap  [0x0000013dc44f8490,0x0000013dc44f88a0] = 1040
 relocation     [0x0000013dc44f85e8,0x0000013dc44f8628] = 64
 main code      [0x0000013dc44f8640,0x0000013dc44f87c0] = 384
 stub code      [0x0000013dc44f87c0,0x0000013dc44f8808] = 72
 metadata       [0x0000013dc44f8808,0x0000013dc44f8820] = 24
 scopes data    [0x0000013dc44f8820,0x0000013dc44f8838] = 24
 scopes pcs     [0x0000013dc44f8838,0x0000013dc44f8888] = 80
 dependencies   [0x0000013dc44f8888,0x0000013dc44f8890] = 8
 nul chk table  [0x0000013dc44f8890,0x0000013dc44f88a0] = 16

[Constant Pool (empty)]

[MachCode]
[Entry Point]
  # {method} {0x0000013ddede76a8} 'validate' '(Ljava/awt/GraphicsConfiguration;)I' in 'sun/awt/image/SunVolatileImage'
  # this:     rdx:rdx   = 'sun/awt/image/SunVolatileImage'
  # parm0:    r8:r8     = 'java/awt/GraphicsConfiguration'
  #           [sp+0x40]  (sp of caller)
  0x0000013dc44f8640: 448b 5208 | 49bb 0000 | 0000 0800 | 0000 4d03 | d34c 3bd0 

  0x0000013dc44f8654: ;   {runtime_call ic_miss_stub}
  0x0000013dc44f8654: 0f85 2644 | 94ff 660f | 1f44 0000 
[Verified Entry Point]
  0x0000013dc44f8660: 8984 2400 | 90ff ff55 | 4883 ec30 

  0x0000013dc44f866c: ;   {metadata(method data for {method} {0x0000013ddede76a8} 'validate' '(Ljava/awt/GraphicsConfiguration;)I' in 'sun/awt/image/SunVolatileImage')}
  0x0000013dc44f866c: 48be 90b0 | 2adf 3d01 | 0000 8bbe | cc00 0000 | 83c7 0289 | becc 0000 | 0081 e7fe | 0700 0083 
  0x0000013dc44f868c: ff00 0f84 | bb00 0000 | 8b52 2448 | c1e2 0348 | 3b02 488b 

  0x0000013dc44f86a0: ;   {metadata(method data for {method} {0x0000013ddede76a8} 'validate' '(Ljava/awt/GraphicsConfiguration;)I' in 'sun/awt/image/SunVolatileImage')}
  0x0000013dc44f86a0: f248 bf90 | b02a df3d | 0100 008b | 7608 49ba | 0000 0000 | 0800 0000 | 4903 f248 | 3bb7 2001 
  0x0000013dc44f86c0: 0000 750d | 4883 8728 | 0100 0001 | e966 0000 | 0048 3bb7 | 3001 0000 | 750d 4883 | 8738 0100 
  0x0000013dc44f86e0: 0001 e950 | 0000 0048 | 81bf 2001 | 0000 0000 | 0000 7517 | 4889 b720 | 0100 0048 | c787 2801 
  0x0000013dc44f8700: 0000 0100 | 0000 e92c | 0000 0048 | 81bf 3001 | 0000 0000 | 0000 7517 | 4889 b730 | 0100 0048 
  0x0000013dc44f8720: c787 3801 | 0000 0100 | 0000 e908 | 0000 0048 | 8387 1001 

  0x0000013dc44f8734: ;   {optimized virtual_call}
  0x0000013dc44f8734: 0000 01e8 

  0x0000013dc44f8738: ; ImmutableOopMap {}
                      ;*invokevirtual validate {reexecute=0 rethrow=0 return_oop=0}
                      ; - sun.awt.image.SunVolatileImage::validate@5 (line 264)
  0x0000013dc44f8738: 6404 0000 | 4883 c430 

  0x0000013dc44f8740: ;   {poll_return}
  0x0000013dc44f8740: 5d49 3ba7 | 3803 0000 | 0f87 2700 

  0x0000013dc44f874c: ;   {metadata({method} {0x0000013ddede76a8} 'validate' '(Ljava/awt/GraphicsConfiguration;)I' in 'sun/awt/image/SunVolatileImage')}
  0x0000013dc44f874c: 0000 c349 | baa0 76de | de3d 0100 | 004c 8954 | 2408 48c7 | 0424 ffff 

  0x0000013dc44f8764: ;   {runtime_call counter_overflow Runtime1 stub}
  0x0000013dc44f8764: ffff e895 

  0x0000013dc44f8768: ; ImmutableOopMap {rdx=Oop r8=Oop }
                      ;*synchronization entry
                      ; - sun.awt.image.SunVolatileImage::validate@-1 (line 264)
  0x0000013dc44f8768: 389f ffe9 | 24ff ffff 

  0x0000013dc44f8770: ;   {runtime_call throw_null_pointer_exception Runtime1 stub}
  0x0000013dc44f8770: e8ab de9e 

  0x0000013dc44f8774: ; ImmutableOopMap {r8=Oop rdx=Oop }
                      ;*invokevirtual validate {reexecute=0 rethrow=0 return_oop=0}
                      ; - sun.awt.image.SunVolatileImage::validate@5 (line 264)
                      ;   {internal_word}
  0x0000013dc44f8774: ff49 ba41 | 874f c43d | 0100 004d | 8997 5003 

  0x0000013dc44f8784: ;   {runtime_call SafepointBlob}
  0x0000013dc44f8784: 0000 e975 | ac94 ff90 | 9049 8b87 | c803 0000 | 49c7 87c8 | 0300 0000 | 0000 0049 | c787 d003 
  0x0000013dc44f87a4: 0000 0000 | 0000 4883 

  0x0000013dc44f87ac: ;   {runtime_call unwind_exception Runtime1 stub}
  0x0000013dc44f87ac: c430 5de9 | ccfe 95ff | f4f4 f4f4 | f4f4 f4f4 | f4f4 f4f4 
[Stub Code]
  0x0000013dc44f87c0: ;   {no_reloc}
  0x0000013dc44f87c0: 0f1f 4400 

  0x0000013dc44f87c4: ;   {static_stub}
  0x0000013dc44f87c4: 0048 bb00 | 0000 0000 

  0x0000013dc44f87cc: ;   {runtime_call}
  0x0000013dc44f87cc: 0000 00e9 | fbff ffff 
[Exception Handler]
  0x0000013dc44f87d4: ;   {runtime_call handle_exception_from_callee Runtime1 stub}
  0x0000013dc44f87d4: e827 059f 

  0x0000013dc44f87d8: ;   {external_word}
  0x0000013dc44f87d8: ff48 b928 | 3fc5 d8fe | 7f00 0048 

  0x0000013dc44f87e4: ;   {runtime_call}
  0x0000013dc44f87e4: 83e4 f049 | ba80 e192 | d8fe 7f00 | 0041 ffd2 

  0x0000013dc44f87f4: ;   {section_word}
  0x0000013dc44f87f4: f449 baf5 | 874f c43d | 0100 0041 

  0x0000013dc44f8800: ;   {runtime_call DeoptimizationBlob}
  0x0000013dc44f8800: 52e9 9a9e | 94ff f4f4 
[/MachCode]


Compiled method (c1)    5590  969       3       java.awt.Component$FlipBufferStrategy::getDrawGraphics (12 bytes)
 total in heap  [0x0000013dc44fda90,0x0000013dc44fdf88] = 1272
 relocation     [0x0000013dc44fdbe8,0x0000013dc44fdc38] = 80
 main code      [0x0000013dc44fdc40,0x0000013dc44fde80] = 576
 stub code      [0x0000013dc44fde80,0x0000013dc44fded8] = 88
 metadata       [0x0000013dc44fded8,0x0000013dc44fdef0] = 24
 scopes data    [0x0000013dc44fdef0,0x0000013dc44fdf10] = 32
 scopes pcs     [0x0000013dc44fdf10,0x0000013dc44fdf70] = 96
 dependencies   [0x0000013dc44fdf70,0x0000013dc44fdf78] = 8
 nul chk table  [0x0000013dc44fdf78,0x0000013dc44fdf88] = 16

[Constant Pool (empty)]

[MachCode]
[Entry Point]
  # {method} {0x0000013ddf254230} 'getDrawGraphics' '()Ljava/awt/Graphics;' in 'java/awt/Component$FlipBufferStrategy'
  #           [sp+0x40]  (sp of caller)
  0x0000013dc44fdc40: 448b 5208 | 49bb 0000 | 0000 0800 | 0000 4d03 | d34c 3bd0 

  0x0000013dc44fdc54: ;   {runtime_call ic_miss_stub}
  0x0000013dc44fdc54: 0f85 26ee | 93ff 660f | 1f44 0000 
[Verified Entry Point]
  0x0000013dc44fdc60: 8984 2400 | 90ff ff55 | 4883 ec30 

  0x0000013dc44fdc6c: ;   {metadata(method data for {method} {0x0000013ddf254230} 'getDrawGraphics' '()Ljava/awt/Graphics;' in 'java/awt/Component$FlipBufferStrategy')}
  0x0000013dc44fdc6c: 48be f8d3 | 2adf 3d01 | 0000 8bbe | cc00 0000 | 83c7 0289 | becc 0000 | 0081 e7fe | 0700 0083 
  0x0000013dc44fdc8c: ff00 0f84 | 7b01 0000 

  0x0000013dc44fdc94: ;   {metadata(method data for {method} {0x0000013ddf254230} 'getDrawGraphics' '()Ljava/awt/Graphics;' in 'java/awt/Component$FlipBufferStrategy')}
  0x0000013dc44fdc94: 488b f248 | bff8 d32a | df3d 0100 | 008b 7608 | 49ba 0000 | 0000 0800 | 0000 4903 | f248 3bb7 
  0x0000013dc44fdcb4: 2001 0000 | 750d 4883 | 8728 0100 | 0001 e966 | 0000 0048 | 3bb7 3001 | 0000 750d | 4883 8738 
  0x0000013dc44fdcd4: 0100 0001 | e950 0000 | 0048 81bf | 2001 0000 | 0000 0000 | 7517 4889 | b720 0100 | 0048 c787 
  0x0000013dc44fdcf4: 2801 0000 | 0100 0000 | e92c 0000 | 0048 81bf | 3001 0000 | 0000 0000 | 7517 4889 | b730 0100 
  0x0000013dc44fdd14: 0048 c787 | 3801 0000 | 0100 0000 | e908 0000 | 0048 8387 | 1001 0000 | 0148 8bf2 | 488b d648 
  0x0000013dc44fdd34: 8974 2420 | 0f1f 8000 

  0x0000013dc44fdd3c: ;   {optimized virtual_call}
  0x0000013dc44fdd3c: 0000 00e8 

  0x0000013dc44fdd40: ; ImmutableOopMap {[32]=Oop }
                      ;*invokevirtual revalidate {reexecute=0 rethrow=0 return_oop=0}
                      ; - java.awt.Component$FlipBufferStrategy::getDrawGraphics@1 (line 4225)
  0x0000013dc44fdd40: 4101 0000 | 488b 5424 | 208b 5220 | 48c1 e203 

  0x0000013dc44fdd50: ; implicit exception: dispatches to 0x0000013dc44fde30
  0x0000013dc44fdd50: 483b 0248 

  0x0000013dc44fdd54: ;   {metadata(method data for {method} {0x0000013ddf254230} 'getDrawGraphics' '()Ljava/awt/Graphics;' in 'java/awt/Component$FlipBufferStrategy')}
  0x0000013dc44fdd54: 8bf2 48bf | f8d3 2adf | 3d01 0000 | 8b76 0849 | ba00 0000 | 0008 0000 | 0049 03f2 | 483b b758 
  0x0000013dc44fdd74: 0100 0075 | 0d48 8387 | 6001 0000 | 01e9 6600 | 0000 483b | b768 0100 | 0075 0d48 | 8387 7001 
  0x0000013dc44fdd94: 0000 01e9 | 5000 0000 | 4881 bf58 | 0100 0000 | 0000 0075 | 1748 89b7 | 5801 0000 | 48c7 8760 
  0x0000013dc44fddb4: 0100 0001 | 0000 00e9 | 2c00 0000 | 4881 bf68 | 0100 0000 | 0000 0075 | 1748 89b7 | 6801 0000 
  0x0000013dc44fddd4: 48c7 8770 | 0100 0001 | 0000 00e9 | 0800 0000 | 4883 8748 | 0100 0001 | 9048 b840 | 13a6 e33d 
  0x0000013dc44fddf4: ;   {virtual_call}
  0x0000013dc44fddf4: 0100 00e8 

  0x0000013dc44fddf8: ; ImmutableOopMap {}
                      ;*invokevirtual getGraphics {reexecute=0 rethrow=0 return_oop=0}
                      ; - java.awt.Component$FlipBufferStrategy::getDrawGraphics@8 (line 4226)
  0x0000013dc44fddf8: 2839 94ff | 4883 c430 

  0x0000013dc44fde00: ;   {poll_return}
  0x0000013dc44fde00: 5d49 3ba7 | 3803 0000 | 0f87 2700 

  0x0000013dc44fde0c: ;   {metadata({method} {0x0000013ddf254230} 'getDrawGraphics' '()Ljava/awt/Graphics;' in 'java/awt/Component$FlipBufferStrategy')}
  0x0000013dc44fde0c: 0000 c349 | ba28 4225 | df3d 0100 | 004c 8954 | 2408 48c7 | 0424 ffff 

  0x0000013dc44fde24: ;   {runtime_call counter_overflow Runtime1 stub}
  0x0000013dc44fde24: ffff e8d5 

  0x0000013dc44fde28: ; ImmutableOopMap {rdx=Oop }
                      ;*synchronization entry
                      ; - java.awt.Component$FlipBufferStrategy::getDrawGraphics@-1 (line 4225)
  0x0000013dc44fde28: e19e ffe9 | 64fe ffff 

  0x0000013dc44fde30: ;   {runtime_call throw_null_pointer_exception Runtime1 stub}
  0x0000013dc44fde30: e8eb 879e 

  0x0000013dc44fde34: ; ImmutableOopMap {rdx=Oop }
                      ;*invokevirtual getGraphics {reexecute=0 rethrow=0 return_oop=0}
                      ; - java.awt.Component$FlipBufferStrategy::getDrawGraphics@8 (line 4226)
                      ;   {internal_word}
  0x0000013dc44fde34: ff49 ba01 | de4f c43d | 0100 004d | 8997 5003 

  0x0000013dc44fde44: ;   {runtime_call SafepointBlob}
  0x0000013dc44fde44: 0000 e9b5 | 5594 ff90 | 9049 8b87 | c803 0000 | 49c7 87c8 | 0300 0000 | 0000 0049 | c787 d003 
  0x0000013dc44fde64: 0000 0000 | 0000 4883 

  0x0000013dc44fde6c: ;   {runtime_call unwind_exception Runtime1 stub}
  0x0000013dc44fde6c: c430 5de9 | 0ca8 95ff | f4f4 f4f4 | f4f4 f4f4 | f4f4 f4f4 
[Stub Code]
  0x0000013dc44fde80: ;   {no_reloc}
  0x0000013dc44fde80: 0f1f 4400 

  0x0000013dc44fde84: ;   {static_stub}
  0x0000013dc44fde84: 0048 bb98 | 4325 df3d 

  0x0000013dc44fde8c: ;   {runtime_call I2C/C2I adapters}
  0x0000013dc44fde8c: 0100 00e9 | c538 94ff 

  0x0000013dc44fde94: ;   {static_stub}
  0x0000013dc44fde94: 9048 bb00 | 0000 0000 

  0x0000013dc44fde9c: ;   {runtime_call}
  0x0000013dc44fde9c: 0000 00e9 | fbff ffff 
[Exception Handler]
  0x0000013dc44fdea4: ;   {runtime_call handle_exception_from_callee Runtime1 stub}
  0x0000013dc44fdea4: e857 ae9e 

  0x0000013dc44fdea8: ;   {external_word}
  0x0000013dc44fdea8: ff48 b928 | 3fc5 d8fe | 7f00 0048 

  0x0000013dc44fdeb4: ;   {runtime_call}
  0x0000013dc44fdeb4: 83e4 f049 | ba80 e192 | d8fe 7f00 | 0041 ffd2 

  0x0000013dc44fdec4: ;   {section_word}
  0x0000013dc44fdec4: f449 bac5 | de4f c43d | 0100 0041 

  0x0000013dc44fded0: ;   {runtime_call DeoptimizationBlob}
  0x0000013dc44fded0: 52e9 ca47 | 94ff f4f4 
[/MachCode]


---------------  P R O C E S S  ---------------

Threads class SMR info:
_java_thread_list=0x0000013de2fcd230, length=16, elements={
0x0000013ddea1a050, 0x0000013ddea1aa40, 0x0000013ddea33d60, 0x0000013ddea34610,
0x0000013ddea35000, 0x0000013ddea3b350, 0x0000013ddea45c10, 0x0000013ddea47120,
0x0000013ddea59a60, 0x0000013de2cb4710, 0x0000013de2cb9260, 0x0000013de2e8b530,
0x0000013de2e6f210, 0x0000013de394be20, 0x0000013de39853f0, 0x0000013dbc4acea0
}

Java Threads: ( => current thread )
  0x0000013ddea1a050 JavaThread "Reference Handler" daemon [_thread_blocked, id=7136, stack(0x0000000f82400000,0x0000000f82500000)]
  0x0000013ddea1aa40 JavaThread "Finalizer" daemon [_thread_blocked, id=1592, stack(0x0000000f82500000,0x0000000f82600000)]
  0x0000013ddea33d60 JavaThread "Signal Dispatcher" daemon [_thread_blocked, id=12512, stack(0x0000000f82600000,0x0000000f82700000)]
  0x0000013ddea34610 JavaThread "Attach Listener" daemon [_thread_blocked, id=5224, stack(0x0000000f82700000,0x0000000f82800000)]
  0x0000013ddea35000 JavaThread "Service Thread" daemon [_thread_blocked, id=9088, stack(0x0000000f82800000,0x0000000f82900000)]
  0x0000013ddea3b350 JavaThread "Monitor Deflation Thread" daemon [_thread_blocked, id=10468, stack(0x0000000f82900000,0x0000000f82a00000)]
  0x0000013ddea45c10 JavaThread "C2 CompilerThread0" daemon [_thread_blocked, id=7160, stack(0x0000000f82a00000,0x0000000f82b00000)]
  0x0000013ddea47120 JavaThread "C1 CompilerThread0" daemon [_thread_blocked, id=3616, stack(0x0000000f82b00000,0x0000000f82c00000)]
  0x0000013ddea59a60 JavaThread "Sweeper thread" daemon [_thread_blocked, id=7756, stack(0x0000000f82c00000,0x0000000f82d00000)]
  0x0000013de2cb4710 JavaThread "Notification Thread" daemon [_thread_blocked, id=1160, stack(0x0000000f82d00000,0x0000000f82e00000)]
  0x0000013de2cb9260 JavaThread "Common-Cleaner" daemon [_thread_blocked, id=9860, stack(0x0000000f82f00000,0x0000000f83000000)]
  0x0000013de2e8b530 JavaThread "Java2D Disposer" daemon [_thread_blocked, id=6728, stack(0x0000000f83000000,0x0000000f83100000)]
  0x0000013de2e6f210 JavaThread "AWT-Shutdown" [_thread_blocked, id=6544, stack(0x0000000f83100000,0x0000000f83200000)]
  0x0000013de394be20 JavaThread "AWT-EventQueue-0" [_thread_blocked, id=9800, stack(0x0000000f83500000,0x0000000f83600000)]
=>0x0000013de39853f0 JavaThread "Thread-0" [_thread_in_native, id=5880, stack(0x0000000f83800000,0x0000000f83900000)]
  0x0000013dbc4acea0 JavaThread "DestroyJavaVM" [_thread_blocked, id=4896, stack(0x0000000f81d00000,0x0000000f81e00000)]

Other Threads:
  0x0000013dbc53d320 VMThread "VM Thread" [stack: 0x0000000f82300000,0x0000000f82400000] [id=6556]
  0x0000013de2cb4bd0 WatcherThread "VM Periodic Task Thread" [stack: 0x0000000f82e00000,0x0000000f82f00000] [id=7624]
  0x0000013dbc51d8f0 WorkerThread "GC Thread#0" [stack: 0x0000000f81e00000,0x0000000f81f00000] [id=5212]
  0x0000013dbc52f690 ConcurrentGCThread "G1 Main Marker" [stack: 0x0000000f81f00000,0x0000000f82000000] [id=9820]
  0x0000013dbc531740 WorkerThread "G1 Conc#0" [stack: 0x0000000f82000000,0x0000000f82100000] [id=2812]
  0x0000013dbc574690 ConcurrentGCThread "G1 Refine#0" [stack: 0x0000000f82100000,0x0000000f82200000] [id=12416]
  0x0000013dbc575d60 ConcurrentGCThread "G1 Service" [stack: 0x0000000f82200000,0x0000000f82300000] [id=7496]

Threads with active compile tasks:

VM state: not at safepoint (normal execution)

VM Mutex/Monitor currently owned by a thread: None

Heap address: 0x0000000700a00000, size: 4086 MB, Compressed Oops mode: Zero based, Oop shift amount: 3

CDS archive(s) mapped at: [0x0000000800000000-0x0000000800ba0000-0x0000000800ba0000), size 12189696, SharedBaseAddress: 0x0000000800000000, ArchiveRelocationMode: 0.
Compressed class space mapped at: 0x0000000800c00000-0x0000000840c00000, reserved size: 1073741824
Narrow klass base: 0x0000000800000000, Narrow klass shift: 0, Narrow klass range: 0x100000000

GC Precious Log:
 CardTable entry size: 512
 Card Set container configuration: InlinePtr #cards 4 size 8 Array Of Cards #cards 16 size 48 Howl #buckets 8 coarsen threshold 3686 Howl Bitmap #cards 512 size 80 coarsen threshold 460 Card regions per heap region 1 cards per card region 4096
 CPUs: 4 total, 4 available
 Memory: 16339M
 Large Page Support: Disabled
 NUMA Support: Disabled
 Compressed Oops: Enabled (Zero based)
 Heap Region Size: 2M
 Heap Min Capacity: 8M
 Heap Initial Capacity: 256M
 Heap Max Capacity: 4086M
 Pre-touch: Disabled
 Parallel Workers: 4
 Concurrent Workers: 1
 Concurrent Refinement Workers: 4
 Periodic GC: Disabled

Heap:
 garbage-first heap   total 262144K, used 6144K [0x0000000700a00000, 0x0000000800000000)
  region size 2048K, 4 young (8192K), 0 survivors (0K)
 Metaspace       used 7653K, committed 7808K, reserved 1114112K
  class space    used 809K, committed 896K, reserved 1048576K

Heap Regions: E=young(eden), S=young(survivor), O=old, HS=humongous(starts), HC=humongous(continues), CS=collection set, F=free, OA=open archive, CA=closed archive, TAMS=top-at-mark-start (previous, next)
|   0|0x0000000700a00000, 0x0000000700a00000, 0x0000000700c00000|  0%| F|  |TAMS 0x0000000700a00000, 0x0000000700a00000| Untracked 
|   1|0x0000000700c00000, 0x0000000700c00000, 0x0000000700e00000|  0%| F|  |TAMS 0x0000000700c00000, 0x0000000700c00000| Untracked 
|   2|0x0000000700e00000, 0x0000000700e00000, 0x0000000701000000|  0%| F|  |TAMS 0x0000000700e00000, 0x0000000700e00000| Untracked 
|   3|0x0000000701000000, 0x0000000701000000, 0x0000000701200000|  0%| F|  |TAMS 0x0000000701000000, 0x0000000701000000| Untracked 
|   4|0x0000000701200000, 0x0000000701200000, 0x0000000701400000|  0%| F|  |TAMS 0x0000000701200000, 0x0000000701200000| Untracked 
|   5|0x0000000701400000, 0x0000000701400000, 0x0000000701600000|  0%| F|  |TAMS 0x0000000701400000, 0x0000000701400000| Untracked 
|   6|0x0000000701600000, 0x0000000701600000, 0x0000000701800000|  0%| F|  |TAMS 0x0000000701600000, 0x0000000701600000| Untracked 
|   7|0x0000000701800000, 0x0000000701800000, 0x0000000701a00000|  0%| F|  |TAMS 0x0000000701800000, 0x0000000701800000| Untracked 
|   8|0x0000000701a00000, 0x0000000701a00000, 0x0000000701c00000|  0%| F|  |TAMS 0x0000000701a00000, 0x0000000701a00000| Untracked 
|   9|0x0000000701c00000, 0x0000000701c00000, 0x0000000701e00000|  0%| F|  |TAMS 0x0000000701c00000, 0x0000000701c00000| Untracked 
|  10|0x0000000701e00000, 0x0000000701e00000, 0x0000000702000000|  0%| F|  |TAMS 0x0000000701e00000, 0x0000000701e00000| Untracked 
|  11|0x0000000702000000, 0x0000000702000000, 0x0000000702200000|  0%| F|  |TAMS 0x0000000702000000, 0x0000000702000000| Untracked 
|  12|0x0000000702200000, 0x0000000702200000, 0x0000000702400000|  0%| F|  |TAMS 0x0000000702200000, 0x0000000702200000| Untracked 
|  13|0x0000000702400000, 0x0000000702400000, 0x0000000702600000|  0%| F|  |TAMS 0x0000000702400000, 0x0000000702400000| Untracked 
|  14|0x0000000702600000, 0x0000000702600000, 0x0000000702800000|  0%| F|  |TAMS 0x0000000702600000, 0x0000000702600000| Untracked 
|  15|0x0000000702800000, 0x0000000702800000, 0x0000000702a00000|  0%| F|  |TAMS 0x0000000702800000, 0x0000000702800000| Untracked 
|  16|0x0000000702a00000, 0x0000000702a00000, 0x0000000702c00000|  0%| F|  |TAMS 0x0000000702a00000, 0x0000000702a00000| Untracked 
|  17|0x0000000702c00000, 0x0000000702c00000, 0x0000000702e00000|  0%| F|  |TAMS 0x0000000702c00000, 0x0000000702c00000| Untracked 
|  18|0x0000000702e00000, 0x0000000702e00000, 0x0000000703000000|  0%| F|  |TAMS 0x0000000702e00000, 0x0000000702e00000| Untracked 
|  19|0x0000000703000000, 0x0000000703000000, 0x0000000703200000|  0%| F|  |TAMS 0x0000000703000000, 0x0000000703000000| Untracked 
|  20|0x0000000703200000, 0x0000000703200000, 0x0000000703400000|  0%| F|  |TAMS 0x0000000703200000, 0x0000000703200000| Untracked 
|  21|0x0000000703400000, 0x0000000703400000, 0x0000000703600000|  0%| F|  |TAMS 0x0000000703400000, 0x0000000703400000| Untracked 
|  22|0x0000000703600000, 0x0000000703600000, 0x0000000703800000|  0%| F|  |TAMS 0x0000000703600000, 0x0000000703600000| Untracked 
|  23|0x0000000703800000, 0x0000000703800000, 0x0000000703a00000|  0%| F|  |TAMS 0x0000000703800000, 0x0000000703800000| Untracked 
|  24|0x0000000703a00000, 0x0000000703a00000, 0x0000000703c00000|  0%| F|  |TAMS 0x0000000703a00000, 0x0000000703a00000| Untracked 
|  25|0x0000000703c00000, 0x0000000703c00000, 0x0000000703e00000|  0%| F|  |TAMS 0x0000000703c00000, 0x0000000703c00000| Untracked 
|  26|0x0000000703e00000, 0x0000000703e00000, 0x0000000704000000|  0%| F|  |TAMS 0x0000000703e00000, 0x0000000703e00000| Untracked 
|  27|0x0000000704000000, 0x0000000704000000, 0x0000000704200000|  0%| F|  |TAMS 0x0000000704000000, 0x0000000704000000| Untracked 
|  28|0x0000000704200000, 0x0000000704200000, 0x0000000704400000|  0%| F|  |TAMS 0x0000000704200000, 0x0000000704200000| Untracked 
|  29|0x0000000704400000, 0x0000000704400000, 0x0000000704600000|  0%| F|  |TAMS 0x0000000704400000, 0x0000000704400000| Untracked 
|  30|0x0000000704600000, 0x0000000704600000, 0x0000000704800000|  0%| F|  |TAMS 0x0000000704600000, 0x0000000704600000| Untracked 
|  31|0x0000000704800000, 0x0000000704800000, 0x0000000704a00000|  0%| F|  |TAMS 0x0000000704800000, 0x0000000704800000| Untracked 
|  32|0x0000000704a00000, 0x0000000704a00000, 0x0000000704c00000|  0%| F|  |TAMS 0x0000000704a00000, 0x0000000704a00000| Untracked 
|  33|0x0000000704c00000, 0x0000000704c00000, 0x0000000704e00000|  0%| F|  |TAMS 0x0000000704c00000, 0x0000000704c00000| Untracked 
|  34|0x0000000704e00000, 0x0000000704e00000, 0x0000000705000000|  0%| F|  |TAMS 0x0000000704e00000, 0x0000000704e00000| Untracked 
|  35|0x0000000705000000, 0x0000000705000000, 0x0000000705200000|  0%| F|  |TAMS 0x0000000705000000, 0x0000000705000000| Untracked 
|  36|0x0000000705200000, 0x0000000705200000, 0x0000000705400000|  0%| F|  |TAMS 0x0000000705200000, 0x0000000705200000| Untracked 
|  37|0x0000000705400000, 0x0000000705400000, 0x0000000705600000|  0%| F|  |TAMS 0x0000000705400000, 0x0000000705400000| Untracked 
|  38|0x0000000705600000, 0x0000000705600000, 0x0000000705800000|  0%| F|  |TAMS 0x0000000705600000, 0x0000000705600000| Untracked 
|  39|0x0000000705800000, 0x0000000705800000, 0x0000000705a00000|  0%| F|  |TAMS 0x0000000705800000, 0x0000000705800000| Untracked 
|  40|0x0000000705a00000, 0x0000000705a00000, 0x0000000705c00000|  0%| F|  |TAMS 0x0000000705a00000, 0x0000000705a00000| Untracked 
|  41|0x0000000705c00000, 0x0000000705c00000, 0x0000000705e00000|  0%| F|  |TAMS 0x0000000705c00000, 0x0000000705c00000| Untracked 
|  42|0x0000000705e00000, 0x0000000705e00000, 0x0000000706000000|  0%| F|  |TAMS 0x0000000705e00000, 0x0000000705e00000| Untracked 
|  43|0x0000000706000000, 0x0000000706000000, 0x0000000706200000|  0%| F|  |TAMS 0x0000000706000000, 0x0000000706000000| Untracked 
|  44|0x0000000706200000, 0x0000000706200000, 0x0000000706400000|  0%| F|  |TAMS 0x0000000706200000, 0x0000000706200000| Untracked 
|  45|0x0000000706400000, 0x0000000706400000, 0x0000000706600000|  0%| F|  |TAMS 0x0000000706400000, 0x0000000706400000| Untracked 
|  46|0x0000000706600000, 0x0000000706600000, 0x0000000706800000|  0%| F|  |TAMS 0x0000000706600000, 0x0000000706600000| Untracked 
|  47|0x0000000706800000, 0x0000000706800000, 0x0000000706a00000|  0%| F|  |TAMS 0x0000000706800000, 0x0000000706800000| Untracked 
|  48|0x0000000706a00000, 0x0000000706a00000, 0x0000000706c00000|  0%| F|  |TAMS 0x0000000706a00000, 0x0000000706a00000| Untracked 
|  49|0x0000000706c00000, 0x0000000706c00000, 0x0000000706e00000|  0%| F|  |TAMS 0x0000000706c00000, 0x0000000706c00000| Untracked 
|  50|0x0000000706e00000, 0x0000000706e00000, 0x0000000707000000|  0%| F|  |TAMS 0x0000000706e00000, 0x0000000706e00000| Untracked 
|  51|0x0000000707000000, 0x0000000707000000, 0x0000000707200000|  0%| F|  |TAMS 0x0000000707000000, 0x0000000707000000| Untracked 
|  52|0x0000000707200000, 0x0000000707200000, 0x0000000707400000|  0%| F|  |TAMS 0x0000000707200000, 0x0000000707200000| Untracked 
|  53|0x0000000707400000, 0x0000000707400000, 0x0000000707600000|  0%| F|  |TAMS 0x0000000707400000, 0x0000000707400000| Untracked 
|  54|0x0000000707600000, 0x0000000707600000, 0x0000000707800000|  0%| F|  |TAMS 0x0000000707600000, 0x0000000707600000| Untracked 
|  55|0x0000000707800000, 0x0000000707800000, 0x0000000707a00000|  0%| F|  |TAMS 0x0000000707800000, 0x0000000707800000| Untracked 
|  56|0x0000000707a00000, 0x0000000707a00000, 0x0000000707c00000|  0%| F|  |TAMS 0x0000000707a00000, 0x0000000707a00000| Untracked 
|  57|0x0000000707c00000, 0x0000000707c00000, 0x0000000707e00000|  0%| F|  |TAMS 0x0000000707c00000, 0x0000000707c00000| Untracked 
|  58|0x0000000707e00000, 0x0000000707e00000, 0x0000000708000000|  0%| F|  |TAMS 0x0000000707e00000, 0x0000000707e00000| Untracked 
|  59|0x0000000708000000, 0x0000000708000000, 0x0000000708200000|  0%| F|  |TAMS 0x0000000708000000, 0x0000000708000000| Untracked 
|  60|0x0000000708200000, 0x0000000708200000, 0x0000000708400000|  0%| F|  |TAMS 0x0000000708200000, 0x0000000708200000| Untracked 
|  61|0x0000000708400000, 0x0000000708400000, 0x0000000708600000|  0%| F|  |TAMS 0x0000000708400000, 0x0000000708400000| Untracked 
|  62|0x0000000708600000, 0x0000000708600000, 0x0000000708800000|  0%| F|  |TAMS 0x0000000708600000, 0x0000000708600000| Untracked 
|  63|0x0000000708800000, 0x0000000708800000, 0x0000000708a00000|  0%| F|  |TAMS 0x0000000708800000, 0x0000000708800000| Untracked 
|  64|0x0000000708a00000, 0x0000000708a00000, 0x0000000708c00000|  0%| F|  |TAMS 0x0000000708a00000, 0x0000000708a00000| Untracked 
|  65|0x0000000708c00000, 0x0000000708c00000, 0x0000000708e00000|  0%| F|  |TAMS 0x0000000708c00000, 0x0000000708c00000| Untracked 
|  66|0x0000000708e00000, 0x0000000708e00000, 0x0000000709000000|  0%| F|  |TAMS 0x0000000708e00000, 0x0000000708e00000| Untracked 
|  67|0x0000000709000000, 0x0000000709000000, 0x0000000709200000|  0%| F|  |TAMS 0x0000000709000000, 0x0000000709000000| Untracked 
|  68|0x0000000709200000, 0x0000000709200000, 0x0000000709400000|  0%| F|  |TAMS 0x0000000709200000, 0x0000000709200000| Untracked 
|  69|0x0000000709400000, 0x0000000709400000, 0x0000000709600000|  0%| F|  |TAMS 0x0000000709400000, 0x0000000709400000| Untracked 
|  70|0x0000000709600000, 0x0000000709600000, 0x0000000709800000|  0%| F|  |TAMS 0x0000000709600000, 0x0000000709600000| Untracked 
|  71|0x0000000709800000, 0x0000000709800000, 0x0000000709a00000|  0%| F|  |TAMS 0x0000000709800000, 0x0000000709800000| Untracked 
|  72|0x0000000709a00000, 0x0000000709a00000, 0x0000000709c00000|  0%| F|  |TAMS 0x0000000709a00000, 0x0000000709a00000| Untracked 
|  73|0x0000000709c00000, 0x0000000709c00000, 0x0000000709e00000|  0%| F|  |TAMS 0x0000000709c00000, 0x0000000709c00000| Untracked 
|  74|0x0000000709e00000, 0x0000000709e00000, 0x000000070a000000|  0%| F|  |TAMS 0x0000000709e00000, 0x0000000709e00000| Untracked 
|  75|0x000000070a000000, 0x000000070a000000, 0x000000070a200000|  0%| F|  |TAMS 0x000000070a000000, 0x000000070a000000| Untracked 
|  76|0x000000070a200000, 0x000000070a200000, 0x000000070a400000|  0%| F|  |TAMS 0x000000070a200000, 0x000000070a200000| Untracked 
|  77|0x000000070a400000, 0x000000070a400000, 0x000000070a600000|  0%| F|  |TAMS 0x000000070a400000, 0x000000070a400000| Untracked 
|  78|0x000000070a600000, 0x000000070a600000, 0x000000070a800000|  0%| F|  |TAMS 0x000000070a600000, 0x000000070a600000| Untracked 
|  79|0x000000070a800000, 0x000000070a800000, 0x000000070aa00000|  0%| F|  |TAMS 0x000000070a800000, 0x000000070a800000| Untracked 
|  80|0x000000070aa00000, 0x000000070aa00000, 0x000000070ac00000|  0%| F|  |TAMS 0x000000070aa00000, 0x000000070aa00000| Untracked 
|  81|0x000000070ac00000, 0x000000070ac00000, 0x000000070ae00000|  0%| F|  |TAMS 0x000000070ac00000, 0x000000070ac00000| Untracked 
|  82|0x000000070ae00000, 0x000000070ae00000, 0x000000070b000000|  0%| F|  |TAMS 0x000000070ae00000, 0x000000070ae00000| Untracked 
|  83|0x000000070b000000, 0x000000070b000000, 0x000000070b200000|  0%| F|  |TAMS 0x000000070b000000, 0x000000070b000000| Untracked 
|  84|0x000000070b200000, 0x000000070b200000, 0x000000070b400000|  0%| F|  |TAMS 0x000000070b200000, 0x000000070b200000| Untracked 
|  85|0x000000070b400000, 0x000000070b400000, 0x000000070b600000|  0%| F|  |TAMS 0x000000070b400000, 0x000000070b400000| Untracked 
|  86|0x000000070b600000, 0x000000070b600000, 0x000000070b800000|  0%| F|  |TAMS 0x000000070b600000, 0x000000070b600000| Untracked 
|  87|0x000000070b800000, 0x000000070b800000, 0x000000070ba00000|  0%| F|  |TAMS 0x000000070b800000, 0x000000070b800000| Untracked 
|  88|0x000000070ba00000, 0x000000070ba00000, 0x000000070bc00000|  0%| F|  |TAMS 0x000000070ba00000, 0x000000070ba00000| Untracked 
|  89|0x000000070bc00000, 0x000000070bc00000, 0x000000070be00000|  0%| F|  |TAMS 0x000000070bc00000, 0x000000070bc00000| Untracked 
|  90|0x000000070be00000, 0x000000070be00000, 0x000000070c000000|  0%| F|  |TAMS 0x000000070be00000, 0x000000070be00000| Untracked 
|  91|0x000000070c000000, 0x000000070c000000, 0x000000070c200000|  0%| F|  |TAMS 0x000000070c000000, 0x000000070c000000| Untracked 
|  92|0x000000070c200000, 0x000000070c200000, 0x000000070c400000|  0%| F|  |TAMS 0x000000070c200000, 0x000000070c200000| Untracked 
|  93|0x000000070c400000, 0x000000070c400000, 0x000000070c600000|  0%| F|  |TAMS 0x000000070c400000, 0x000000070c400000| Untracked 
|  94|0x000000070c600000, 0x000000070c600000, 0x000000070c800000|  0%| F|  |TAMS 0x000000070c600000, 0x000000070c600000| Untracked 
|  95|0x000000070c800000, 0x000000070c800000, 0x000000070ca00000|  0%| F|  |TAMS 0x000000070c800000, 0x000000070c800000| Untracked 
|  96|0x000000070ca00000, 0x000000070ca00000, 0x000000070cc00000|  0%| F|  |TAMS 0x000000070ca00000, 0x000000070ca00000| Untracked 
|  97|0x000000070cc00000, 0x000000070cc00000, 0x000000070ce00000|  0%| F|  |TAMS 0x000000070cc00000, 0x000000070cc00000| Untracked 
|  98|0x000000070ce00000, 0x000000070ce00000, 0x000000070d000000|  0%| F|  |TAMS 0x000000070ce00000, 0x000000070ce00000| Untracked 
|  99|0x000000070d000000, 0x000000070d000000, 0x000000070d200000|  0%| F|  |TAMS 0x000000070d000000, 0x000000070d000000| Untracked 
| 100|0x000000070d200000, 0x000000070d200000, 0x000000070d400000|  0%| F|  |TAMS 0x000000070d200000, 0x000000070d200000| Untracked 
| 101|0x000000070d400000, 0x000000070d400000, 0x000000070d600000|  0%| F|  |TAMS 0x000000070d400000, 0x000000070d400000| Untracked 
| 102|0x000000070d600000, 0x000000070d600000, 0x000000070d800000|  0%| F|  |TAMS 0x000000070d600000, 0x000000070d600000| Untracked 
| 103|0x000000070d800000, 0x000000070d800000, 0x000000070da00000|  0%| F|  |TAMS 0x000000070d800000, 0x000000070d800000| Untracked 
| 104|0x000000070da00000, 0x000000070da00000, 0x000000070dc00000|  0%| F|  |TAMS 0x000000070da00000, 0x000000070da00000| Untracked 
| 105|0x000000070dc00000, 0x000000070dc00000, 0x000000070de00000|  0%| F|  |TAMS 0x000000070dc00000, 0x000000070dc00000| Untracked 
| 106|0x000000070de00000, 0x000000070de00000, 0x000000070e000000|  0%| F|  |TAMS 0x000000070de00000, 0x000000070de00000| Untracked 
| 107|0x000000070e000000, 0x000000070e000000, 0x000000070e200000|  0%| F|  |TAMS 0x000000070e000000, 0x000000070e000000| Untracked 
| 108|0x000000070e200000, 0x000000070e200000, 0x000000070e400000|  0%| F|  |TAMS 0x000000070e200000, 0x000000070e200000| Untracked 
| 109|0x000000070e400000, 0x000000070e400000, 0x000000070e600000|  0%| F|  |TAMS 0x000000070e400000, 0x000000070e400000| Untracked 
| 110|0x000000070e600000, 0x000000070e600000, 0x000000070e800000|  0%| F|  |TAMS 0x000000070e600000, 0x000000070e600000| Untracked 
| 111|0x000000070e800000, 0x000000070e800000, 0x000000070ea00000|  0%| F|  |TAMS 0x000000070e800000, 0x000000070e800000| Untracked 
| 112|0x000000070ea00000, 0x000000070ea00000, 0x000000070ec00000|  0%| F|  |TAMS 0x000000070ea00000, 0x000000070ea00000| Untracked 
| 113|0x000000070ec00000, 0x000000070ec00000, 0x000000070ee00000|  0%| F|  |TAMS 0x000000070ec00000, 0x000000070ec00000| Untracked 
| 114|0x000000070ee00000, 0x000000070ee00000, 0x000000070f000000|  0%| F|  |TAMS 0x000000070ee00000, 0x000000070ee00000| Untracked 
| 115|0x000000070f000000, 0x000000070f000000, 0x000000070f200000|  0%| F|  |TAMS 0x000000070f000000, 0x000000070f000000| Untracked 
| 116|0x000000070f200000, 0x000000070f200000, 0x000000070f400000|  0%| F|  |TAMS 0x000000070f200000, 0x000000070f200000| Untracked 
| 117|0x000000070f400000, 0x000000070f400000, 0x000000070f600000|  0%| F|  |TAMS 0x000000070f400000, 0x000000070f400000| Untracked 
| 118|0x000000070f600000, 0x000000070f600000, 0x000000070f800000|  0%| F|  |TAMS 0x000000070f600000, 0x000000070f600000| Untracked 
| 119|0x000000070f800000, 0x000000070f800000, 0x000000070fa00000|  0%| F|  |TAMS 0x000000070f800000, 0x000000070f800000| Untracked 
| 120|0x000000070fa00000, 0x000000070fa00000, 0x000000070fc00000|  0%| F|  |TAMS 0x000000070fa00000, 0x000000070fa00000| Untracked 
| 121|0x000000070fc00000, 0x000000070fc00000, 0x000000070fe00000|  0%| F|  |TAMS 0x000000070fc00000, 0x000000070fc00000| Untracked 
| 122|0x000000070fe00000, 0x000000070fe00000, 0x0000000710000000|  0%| F|  |TAMS 0x000000070fe00000, 0x000000070fe00000| Untracked 
| 123|0x0000000710000000, 0x0000000710000000, 0x0000000710200000|  0%| F|  |TAMS 0x0000000710000000, 0x0000000710000000| Untracked 
| 124|0x0000000710200000, 0x00000007103712e0, 0x0000000710400000| 72%| E|  |TAMS 0x0000000710200000, 0x0000000710200000| Complete 
| 125|0x0000000710400000, 0x0000000710600000, 0x0000000710600000|100%| E|CS|TAMS 0x0000000710400000, 0x0000000710400000| Complete 
| 126|0x0000000710600000, 0x0000000710800000, 0x0000000710800000|100%| E|CS|TAMS 0x0000000710600000, 0x0000000710600000| Complete 
| 127|0x0000000710800000, 0x0000000710a00000, 0x0000000710a00000|100%| E|CS|TAMS 0x0000000710800000, 0x0000000710800000| Complete 

Card table byte_map: [0x0000013dd35f0000,0x0000013dd3df0000] _byte_map_base: 0x0000013dcfdeb000

Marking Bits (Prev, Next): (CMBitMap*) 0x0000013dbc51ee10, (CMBitMap*) 0x0000013dbc51ee50
 Prev Bits: [0x0000013dd45f0000, 0x0000013dd85c8000)
 Next Bits: [0x0000013dd85d0000, 0x0000013ddc5a8000)

Polling page: 0x0000013dba4c0000

Metaspace:

Usage:
  Non-class:      6.68 MB used.
      Class:    809.72 KB used.
       Both:      7.47 MB used.

Virtual space:
  Non-class space:       64.00 MB reserved,       6.75 MB ( 11%) committed,  1 nodes.
      Class space:        1.00 GB reserved,     896.00 KB ( <1%) committed,  1 nodes.
             Both:        1.06 GB reserved,       7.62 MB ( <1%) committed. 

Chunk freelists:
   Non-Class:  976.00 KB
       Class:  3.10 MB
        Both:  4.05 MB

MaxMetaspaceSize: unlimited
CompressedClassSpaceSize: 1.00 GB
Initial GC threshold: 21.00 MB
Current GC threshold: 21.00 MB
CDS: on
MetaspaceReclaimPolicy: balanced
 - commit_granule_bytes: 65536.
 - commit_granule_words: 8192.
 - virtual_space_node_default_size: 8388608.
 - enlarge_chunks_in_place: 1.
 - new_chunks_are_fully_committed: 0.
 - uncommit_free_chunks: 1.
 - use_allocation_guard: 0.


Internal statistics:

num_allocs_failed_limit: 0.
num_arena_births: 124.
num_arena_deaths: 0.
num_vsnodes_births: 2.
num_vsnodes_deaths: 0.
num_space_committed: 122.
num_space_uncommitted: 0.
num_chunks_returned_to_freelist: 0.
num_chunks_taken_from_freelist: 183.
num_chunk_merges: 0.
num_chunk_splits: 99.
num_chunks_enlarged: 29.
num_inconsistent_stats: 0.

CodeHeap 'non-profiled nmethods': size=120000Kb used=259Kb max_used=259Kb free=119740Kb
 bounds [0x0000013dcb8c0000, 0x0000013dcbb30000, 0x0000013dd2df0000]
CodeHeap 'profiled nmethods': size=120000Kb used=1474Kb max_used=1474Kb free=118525Kb
 bounds [0x0000013dc4390000, 0x0000013dc4600000, 0x0000013dcb8c0000]
CodeHeap 'non-nmethods': size=5760Kb used=1274Kb max_used=1289Kb free=4485Kb
 bounds [0x0000013dc3df0000, 0x0000013dc4060000, 0x0000013dc4390000]
 total_blobs=1563 nmethods=974 adapters=502
 compilation: enabled
              stopped_count=0, restarted_count=0
 full_count=0

Compilation events (20 events):
Event: 4.828 Thread 0x0000013ddea47120  965       3       java.awt.Component$FlipBufferStrategy::updateInternalBuffers (38 bytes)
Event: 4.828 Thread 0x0000013ddea47120 nmethod 965 0x0000013dc44fbf10 code [0x0000013dc44fc100, 0x0000013dc44fc858]
Event: 4.843 Thread 0x0000013ddea47120  966       3       java.awt.image.BufferedImage::createGraphics (10 bytes)
Event: 4.843 Thread 0x0000013ddea47120 nmethod 966 0x0000013dc44fca10 code [0x0000013dc44fcbc0, 0x0000013dc44fcde8]
Event: 4.843 Thread 0x0000013ddea47120  967       3       sun.java2d.SunGraphicsEnvironment::createGraphics (38 bytes)
Event: 4.844 Thread 0x0000013ddea47120 nmethod 967 0x0000013dc44fce90 code [0x0000013dc44fd080, 0x0000013dc44fd4b8]
Event: 4.844 Thread 0x0000013ddea47120  968       3       java.util.Collections::sort (8 bytes)
Event: 4.844 Thread 0x0000013ddea47120 nmethod 968 0x0000013dc44fd690 code [0x0000013dc44fd840, 0x0000013dc44fd9e8]
Event: 4.844 Thread 0x0000013ddea47120  969       3       java.awt.Component$FlipBufferStrategy::getDrawGraphics (12 bytes)
Event: 4.844 Thread 0x0000013ddea47120 nmethod 969 0x0000013dc44fda90 code [0x0000013dc44fdc40, 0x0000013dc44fded8]
Event: 4.844 Thread 0x0000013ddea47120  970       3       com.gcstudios.graficos.UI::render (130 bytes)
Event: 4.845 Thread 0x0000013ddea47120 nmethod 970 0x0000013dc44fe010 code [0x0000013dc44fe420, 0x0000013dc44ffbd8]
Event: 4.845 Thread 0x0000013ddea47120  971       3       java.awt.Component$FlipBufferStrategy::show (12 bytes)
Event: 4.845 Thread 0x0000013ddea47120 nmethod 971 0x0000013dc4500310 code [0x0000013dc45004c0, 0x0000013dc4500728]
Event: 4.927 Thread 0x0000013ddea45c10  972       4       java.awt.image.BufferedImage::getHeight (8 bytes)
Event: 4.927 Thread 0x0000013ddea45c10 nmethod 972 0x0000013dcb900590 code [0x0000013dcb900700, 0x0000013dcb900798]
Event: 5.044 Thread 0x0000013ddea45c10  973       4       sun.awt.image.BufImgSurfaceData::getBounds (22 bytes)
Event: 5.045 Thread 0x0000013ddea45c10 nmethod 973 0x0000013dcb900890 code [0x0000013dcb900a20, 0x0000013dcb900b38]
Event: 5.327 Thread 0x0000013ddea47120  974       3       com.gcstudios.entities.Enemy2::tick (14 bytes)
Event: 5.327 Thread 0x0000013ddea47120 nmethod 974 0x0000013dc4500810 code [0x0000013dc45009a0, 0x0000013dc4500ab8]

GC Heap History (0 events):
No events

Deoptimization events (8 events):
Event: 0.573 Thread 0x0000013de39853f0 DEOPT PACKING pc=0x0000013dc447f91d sp=0x0000000f838ff290
Event: 0.573 Thread 0x0000013de39853f0 DEOPT UNPACKING pc=0x0000013dc3e42b43 sp=0x0000000f838fe7d8 mode 0
Event: 1.559 Thread 0x0000013de39853f0 Uncommon trap: trap_request=0x0000013e fr.pc=0x0000013dcb8f0e84 relative=0x00000000000001a4
Event: 1.559 Thread 0x0000013de39853f0 Uncommon trap: reason=unloaded action=reinterpret pc=0x0000013dcb8f0e84 method=com.gcstudios.main.Game.run()V @ 96 c2
Event: 1.559 Thread 0x0000013de39853f0 DEOPT PACKING pc=0x0000013dcb8f0e84 sp=0x0000000f838ff370
Event: 1.559 Thread 0x0000013de39853f0 DEOPT UNPACKING pc=0x0000013dc3e423a3 sp=0x0000000f838ff2e8 mode 2
Event: 1.582 Thread 0x0000013de39853f0 DEOPT PACKING pc=0x0000013dc448c355 sp=0x0000000f838ff290
Event: 1.582 Thread 0x0000013de39853f0 DEOPT UNPACKING pc=0x0000013dc3e42b43 sp=0x0000000f838fe7d8 mode 0

Classes loaded (20 events):
Event: 1.020 Loading class javax/swing/JComponent$IntVector
Event: 1.020 Loading class javax/swing/JComponent$IntVector done
Event: 1.021 Loading class java/applet/Applet
Event: 1.021 Loading class java/awt/Panel
Event: 1.021 Loading class java/awt/Panel done
Event: 1.021 Loading class java/applet/Applet done
Event: 1.021 Loading class javax/swing/JInternalFrame
Event: 1.021 Loading class javax/swing/JInternalFrame done
Event: 1.021 Loading class javax/swing/KeyboardManager
Event: 1.021 Loading class javax/swing/KeyboardManager done
Event: 1.022 Loading class javax/swing/Popup$HeavyWeightWindow
Event: 1.022 Loading class sun/awt/ModalExclude
Event: 1.022 Loading class sun/awt/ModalExclude done
Event: 1.022 Loading class javax/swing/JWindow
Event: 1.022 Loading class javax/swing/JWindow done
Event: 1.022 Loading class javax/swing/Popup$HeavyWeightWindow done
Event: 5.453 Loading class java/util/WeakHashMap$KeyIterator
Event: 5.453 Loading class java/util/WeakHashMap$HashIterator
Event: 5.453 Loading class java/util/WeakHashMap$HashIterator done
Event: 5.453 Loading class java/util/WeakHashMap$KeyIterator done

Classes unloaded (0 events):
No events

Classes redefined (0 events):
No events

Internal exceptions (14 events):
Event: 0.083 Thread 0x0000013dbc4acea0 Exception <a 'java/lang/ClassNotFoundException'{0x00000007109409b8}: sun/awt/resources/spi/awtProvider> (0x00000007109409b8) 
thrown [s\open\src\hotspot\share\classfile\systemDictionary.cpp, line 255]
Event: 0.106 Thread 0x0000013dbc4acea0 Exception <a 'java/io/FileNotFoundException'{0x0000000710995dc0}> (0x0000000710995dc0) 
thrown [s\open\src\hotspot\share\prims\jni.cpp, line 516]
Event: 0.113 Thread 0x0000013dbc4acea0 Exception <a 'java/io/FileNotFoundException'{0x00000007109c3000}> (0x00000007109c3000) 
thrown [s\open\src\hotspot\share\prims\jni.cpp, line 516]
Event: 0.155 Thread 0x0000013dbc4acea0 Exception <a 'java/lang/NoSuchMethodError'{0x000000071060f1b0}: 'java.lang.Object java.lang.invoke.DirectMethodHandle$Holder.invokeStaticInit(java.lang.Object)'> (0x000000071060f1b0) 
thrown [s\open\src\hotspot\share\interpreter\linkResolver.cpp, line 759]
Event: 0.310 Thread 0x0000013dbc4acea0 Exception <a 'java/lang/NoSuchMethodError'{0x0000000710697738}: 'void java.lang.invoke.DirectMethodHandle$Holder.invokeSpecial(java.lang.Object, java.lang.Object, java.lang.Object)'> (0x0000000710697738) 
thrown [s\open\src\hotspot\share\interpreter\linkResolver.cpp, line 759]
Event: 0.318 Thread 0x0000013dbc4acea0 Exception <a 'java/lang/NoSuchMethodError'{0x00000007106c2ae8}: 'java.lang.Object java.lang.invoke.DirectMethodHandle$Holder.newInvokeSpecial(java.lang.Object, java.lang.Object, java.lang.Object, java.lang.Object, java.lang.Object)'> (0x00000007106c2ae8) 
thrown [s\open\src\hotspot\share\interpreter\linkResolver.cpp, line 759]
Event: 0.325 Thread 0x0000013dbc4acea0 Exception <a 'java/lang/NoSuchMethodError'{0x00000007106f4558}: 'java.lang.Object java.lang.invoke.DirectMethodHandle$Holder.invokeStatic(java.lang.Object, int, java.lang.Object)'> (0x00000007106f4558) 
thrown [s\open\src\hotspot\share\interpreter\linkResolver.cpp, line 759]
Event: 0.351 Thread 0x0000013dbc4acea0 Exception <a 'java/lang/ClassNotFoundException'{0x00000007107b1968}: com/sun/swing/internal/plaf/metal/resources/spi/metalProvider> (0x00000007107b1968) 
thrown [s\open\src\hotspot\share\classfile\systemDictionary.cpp, line 255]
Event: 0.352 Thread 0x0000013dbc4acea0 Exception <a 'java/lang/ClassNotFoundException'{0x00000007107b59d0}: com/sun/swing/internal/plaf/basic/resources/spi/basicProvider> (0x00000007107b59d0) 
thrown [s\open\src\hotspot\share\classfile\systemDictionary.cpp, line 255]
Event: 0.360 Thread 0x0000013dbc4acea0 Exception <a 'java/lang/NoSuchMethodError'{0x00000007107d5fd8}: 'int java.lang.invoke.Invokers$Holder.invokeExact_MT(java.lang.Object, java.lang.Object)'> (0x00000007107d5fd8) 
thrown [s\open\src\hotspot\share\interpreter\linkResolver.cpp, line 759]
Event: 0.366 Thread 0x0000013de2e6f6d0 Exception <a 'java/lang/NoSuchMethodError'{0x000000071064d738}: 'void java.lang.invoke.DirectMethodHandle$Holder.invokeVirtual(java.lang.Object, java.lang.Object)'> (0x000000071064d738) 
thrown [s\open\src\hotspot\share\interpreter\linkResolver.cpp, line 759]
Event: 0.381 Thread 0x0000013dbc4acea0 Exception <a 'java/lang/NoSuchMethodError'{0x0000000710410b90}: 'void java.lang.invoke.DirectMethodHandle$Holder.invokeStaticInit(java.lang.Object)'> (0x0000000710410b90) 
thrown [s\open\src\hotspot\share\interpreter\linkResolver.cpp, line 759]
Event: 0.466 Thread 0x0000013dbc4acea0 Exception <a 'java/lang/NoSuchMethodError'{0x0000000710519978}: 'java.lang.Object java.lang.invoke.DirectMethodHandle$Holder.invokeStaticInit(java.lang.Object, int, int, int, int)'> (0x0000000710519978) 
thrown [s\open\src\hotspot\share\interpreter\linkResolver.cpp, line 759]
Event: 0.514 Thread 0x0000013dbc4acea0 Exception <a 'java/lang/NoSuchMethodError'{0x0000000710543b08}: 'java.lang.Object java.lang.invoke.DirectMethodHandle$Holder.invokeStaticInit(java.lang.Object, java.lang.Object, int, int, int, int)'> (0x0000000710543b08) 
thrown [s\open\src\hotspot\share\interpreter\linkResolver.cpp, line 759]

VM Operations (20 events):
Event: 0.351 Executing VM operation: HandshakeAllThreads
Event: 0.351 Executing VM operation: HandshakeAllThreads done
Event: 0.372 Executing VM operation: HandshakeAllThreads
Event: 0.372 Executing VM operation: HandshakeAllThreads done
Event: 0.451 Executing VM operation: HandshakeAllThreads
Event: 0.451 Executing VM operation: HandshakeAllThreads done
Event: 0.451 Executing VM operation: HandshakeAllThreads
Event: 0.451 Executing VM operation: HandshakeAllThreads done
Event: 0.452 Executing VM operation: HandshakeAllThreads
Event: 0.452 Executing VM operation: HandshakeAllThreads done
Event: 0.480 Executing VM operation: HandshakeAllThreads
Event: 0.480 Executing VM operation: HandshakeAllThreads done
Event: 1.491 Executing VM operation: Cleanup
Event: 1.491 Executing VM operation: Cleanup done
Event: 2.502 Executing VM operation: Cleanup
Event: 2.502 Executing VM operation: Cleanup done
Event: 3.512 Executing VM operation: Cleanup
Event: 3.512 Executing VM operation: Cleanup done
Event: 4.519 Executing VM operation: Cleanup
Event: 4.519 Executing VM operation: Cleanup done

Events (20 events):
Event: 0.157 Thread 0x0000013de2e6f210 Thread added: 0x0000013de2e6f210
Event: 0.158 Thread 0x0000013de2e6f6d0 Thread added: 0x0000013de2e6f6d0
Event: 0.368 Thread 0x0000013de394be20 Thread added: 0x0000013de394be20
Event: 0.385 Loaded shared library C:\Program Files\Java\jdk-18.0.2\bin\freetype.dll
Event: 0.386 Loaded shared library C:\Program Files\Java\jdk-18.0.2\bin\fontmanager.dll
Event: 0.436 Thread 0x0000013de399c980 Thread added: 0x0000013de399c980
Event: 0.478 Loaded shared library C:\Program Files\Java\jdk-18.0.2\bin\net.dll
Event: 0.511 Loaded shared library C:\Program Files\Java\jdk-18.0.2\bin\nio.dll
Event: 0.526 Loaded shared library C:\Program Files\Java\jdk-18.0.2\bin\zip.dll
Event: 0.558 Thread 0x0000013de3984ef0 Thread added: 0x0000013de3984ef0
Event: 0.560 Thread 0x0000013de39853f0 Thread added: 0x0000013de39853f0
Event: 0.560 Thread 0x0000013dbc4acea0 Thread exited: 0x0000013dbc4acea0
Event: 0.560 Thread 0x0000013dbc4acea0 Thread added: 0x0000013dbc4acea0
Event: 0.743 Thread 0x0000013de3984ef0 Thread exited: 0x0000013de3984ef0
Event: 5.452 Thread 0x0000013de3a18070 Thread added: 0x0000013de3a18070
Event: 5.453 Thread 0x0000013de2c09c90 Thread added: 0x0000013de2c09c90
Event: 5.453 Thread 0x0000013de2c097c0 Thread added: 0x0000013de2c097c0
Event: 5.453 Thread 0x0000013de2c097c0 Thread exited: 0x0000013de2c097c0
Event: 5.453 Thread 0x0000013de399c980 Thread exited: 0x0000013de399c980
Event: 5.453 Thread 0x0000013de3a18070 Thread exited: 0x0000013de3a18070


Dynamic libraries:
0x00007ff70d4c0000 - 0x00007ff70d4d0000 	C:\Program Files\Java\jdk-18.0.2\bin\javaw.exe
0x00007fff09610000 - 0x00007fff09808000 	C:\WINDOWS\SYSTEM32\ntdll.dll
0x00007fff08c00000 - 0x00007fff08cbd000 	C:\WINDOWS\System32\KERNEL32.DLL
0x00007fff07370000 - 0x00007fff0763e000 	C:\WINDOWS\System32\KERNELBASE.dll
0x00007fff07040000 - 0x00007fff07140000 	C:\WINDOWS\System32\ucrtbase.dll
0x00007ffef5b60000 - 0x00007ffef5b7a000 	C:\Program Files\Java\jdk-18.0.2\bin\VCRUNTIME140.dll
0x00007ffef4170000 - 0x00007ffef4188000 	C:\Program Files\Java\jdk-18.0.2\bin\jli.dll
0x00007fff07b30000 - 0x00007fff07bde000 	C:\WINDOWS\System32\ADVAPI32.dll
0x00007fff08980000 - 0x00007fff08a1e000 	C:\WINDOWS\System32\msvcrt.dll
0x00007fff08a20000 - 0x00007fff08abc000 	C:\WINDOWS\System32\sechost.dll
0x00007fff08ad0000 - 0x00007fff08bf5000 	C:\WINDOWS\System32\RPCRT4.dll
0x00007fff09400000 - 0x00007fff095a0000 	C:\WINDOWS\System32\USER32.dll
0x00007ffef5230000 - 0x00007ffef54ca000 	C:\WINDOWS\WinSxS\amd64_microsoft.windows.common-controls_6595b64144ccf1df_6.0.19041.1110_none_60b5254171f9507e\COMCTL32.dll
0x00007fff07640000 - 0x00007fff07662000 	C:\WINDOWS\System32\win32u.dll
0x00007fff07be0000 - 0x00007fff07c0a000 	C:\WINDOWS\System32\GDI32.dll
0x00007fff06f30000 - 0x00007fff0703b000 	C:\WINDOWS\System32\gdi32full.dll
0x00007ffefff60000 - 0x00007ffefff6a000 	C:\WINDOWS\SYSTEM32\VERSION.dll
0x00007fff06d30000 - 0x00007fff06dcd000 	C:\WINDOWS\System32\msvcp_win.dll
0x00007fff095a0000 - 0x00007fff095d0000 	C:\WINDOWS\System32\IMM32.DLL
0x00007fff02760000 - 0x00007fff0276c000 	C:\Program Files\Java\jdk-18.0.2\bin\vcruntime140_1.dll
0x00007ffeecfe0000 - 0x00007ffeed06d000 	C:\Program Files\Java\jdk-18.0.2\bin\msvcp140.dll
0x00007ffed8360000 - 0x00007ffed8f71000 	C:\Program Files\Java\jdk-18.0.2\bin\server\jvm.dll
0x00007fff08ac0000 - 0x00007fff08ac8000 	C:\WINDOWS\System32\PSAPI.DLL
0x00007ffefeb30000 - 0x00007ffefeb39000 	C:\WINDOWS\SYSTEM32\WSOCK32.dll
0x00007ffefe6b0000 - 0x00007ffefe6d7000 	C:\WINDOWS\SYSTEM32\WINMM.dll
0x00007fff07ac0000 - 0x00007fff07b2b000 	C:\WINDOWS\System32\WS2_32.dll
0x00007fff04c40000 - 0x00007fff04c52000 	C:\WINDOWS\SYSTEM32\kernel.appcore.dll
0x00007ffefe990000 - 0x00007ffefe99a000 	C:\Program Files\Java\jdk-18.0.2\bin\jimage.dll
0x00007ffefbd90000 - 0x00007ffefbf74000 	C:\WINDOWS\SYSTEM32\DBGHELP.DLL
0x00007ffeef6e0000 - 0x00007ffeef70c000 	C:\WINDOWS\SYSTEM32\dbgcore.DLL
0x00007fff07190000 - 0x00007fff07212000 	C:\WINDOWS\System32\bcryptPrimitives.dll
0x00007ffeef710000 - 0x00007ffeef735000 	C:\Program Files\Java\jdk-18.0.2\bin\java.dll
0x00007ffee6090000 - 0x00007ffee6166000 	C:\Program Files\Java\jdk-18.0.2\bin\jsvml.dll
0x00007fff08230000 - 0x00007fff08973000 	C:\WINDOWS\System32\SHELL32.dll
0x00007fff04e40000 - 0x00007fff055d5000 	C:\WINDOWS\SYSTEM32\windows.storage.dll
0x00007fff07e70000 - 0x00007fff081c4000 	C:\WINDOWS\System32\combase.dll
0x00007fff06790000 - 0x00007fff067c0000 	C:\WINDOWS\SYSTEM32\Wldp.dll
0x00007fff07dc0000 - 0x00007fff07e6d000 	C:\WINDOWS\System32\SHCORE.dll
0x00007fff07a40000 - 0x00007fff07a95000 	C:\WINDOWS\System32\shlwapi.dll
0x00007fff06c70000 - 0x00007fff06c8f000 	C:\WINDOWS\SYSTEM32\profapi.dll
0x00007ffee5250000 - 0x00007ffee53df000 	C:\Program Files\Java\jdk-18.0.2\bin\awt.dll
0x00007fff07670000 - 0x00007fff0773d000 	C:\WINDOWS\System32\OLEAUT32.dll
0x00007fff04570000 - 0x00007fff04600000 	C:\WINDOWS\SYSTEM32\apphelp.dll
0x00007fff04a60000 - 0x00007fff04a8f000 	C:\WINDOWS\system32\DWMAPI.DLL
0x00007fff04760000 - 0x00007fff047fe000 	C:\WINDOWS\system32\uxtheme.dll
0x00007ffee5120000 - 0x00007ffee5247000 	C:\WINDOWS\system32\opengl32.dll
0x00007ffeef160000 - 0x00007ffeef18c000 	C:\WINDOWS\SYSTEM32\GLU32.dll
0x00007fff07ca0000 - 0x00007fff07db5000 	C:\WINDOWS\System32\MSCTF.dll
0x00007fff092d0000 - 0x00007fff093fa000 	C:\WINDOWS\System32\ole32.dll
0x00007fff06920000 - 0x00007fff06932000 	C:\WINDOWS\SYSTEM32\msasn1.dll
0x00007ffeffe90000 - 0x00007ffeffec1000 	C:\WINDOWS\SYSTEM32\cryptnet.dll
0x00007fff06dd0000 - 0x00007fff06f26000 	C:\WINDOWS\System32\CRYPT32.dll
0x00007ffeffd40000 - 0x00007ffeffe88000 	C:\WINDOWS\SYSTEM32\drvstore.dll
0x00007fff06ae0000 - 0x00007fff06b0c000 	C:\WINDOWS\SYSTEM32\devobj.dll
0x00007fff07140000 - 0x00007fff0718e000 	C:\WINDOWS\System32\cfgmgr32.dll
0x00007fff066e0000 - 0x00007fff066ec000 	C:\WINDOWS\SYSTEM32\cryptbase.dll
0x00007fff07220000 - 0x00007fff07289000 	C:\WINDOWS\System32\WINTRUST.DLL
0x00007fff07aa0000 - 0x00007fff07abd000 	C:\WINDOWS\System32\imagehlp.dll
0x00007fff066f0000 - 0x00007fff06708000 	C:\WINDOWS\SYSTEM32\CRYPTSP.dll
0x00007fff05e00000 - 0x00007fff05e34000 	C:\WINDOWS\system32\rsaenh.dll
0x00007fff07340000 - 0x00007fff07367000 	C:\WINDOWS\System32\bcrypt.dll
0x00007ffed6550000 - 0x00007ffed681e000 	C:\WINDOWS\system32\nvspcap64.dll
0x00007fff05a30000 - 0x00007fff05a63000 	C:\WINDOWS\SYSTEM32\ntmarta.dll
0x00007fff055f0000 - 0x00007fff05613000 	C:\WINDOWS\SYSTEM32\gpapi.dll
0x00007ffeff470000 - 0x00007ffeff4ab000 	C:\WINDOWS\SYSTEM32\dxcore.dll
0x00007ffeec020000 - 0x00007ffeec0a6000 	C:\Program Files\Java\jdk-18.0.2\bin\freetype.dll
0x00007ffee4f50000 - 0x00007ffee4ff8000 	C:\Program Files\Java\jdk-18.0.2\bin\fontmanager.dll
0x00007ffef93f0000 - 0x00007ffef94e9000 	C:\WINDOWS\SYSTEM32\textinputframework.dll
0x00007fff04260000 - 0x00007fff04352000 	C:\WINDOWS\System32\CoreMessaging.dll
0x00007fff03b80000 - 0x00007fff03ede000 	C:\WINDOWS\System32\CoreUIComponents.dll
0x00007fff02a60000 - 0x00007fff02bb4000 	C:\WINDOWS\SYSTEM32\wintypes.dll
0x00007fff06c30000 - 0x00007fff06c5e000 	C:\WINDOWS\SYSTEM32\USERENV.dll
0x00007ffef21d0000 - 0x00007ffef21e3000 	C:\Program Files\Java\jdk-18.0.2\bin\net.dll
0x00007ffeff2b0000 - 0x00007ffeff3ba000 	C:\WINDOWS\SYSTEM32\WINHTTP.dll
0x00007fff064f0000 - 0x00007fff0655a000 	C:\WINDOWS\system32\mswsock.dll
0x00007fff06190000 - 0x00007fff061cb000 	C:\WINDOWS\SYSTEM32\IPHLPAPI.DLL
0x00007fff08d70000 - 0x00007fff08d78000 	C:\WINDOWS\System32\NSI.dll
0x00007fff00c10000 - 0x00007fff00c27000 	C:\WINDOWS\SYSTEM32\dhcpcsvc6.DLL
0x00007fff00bf0000 - 0x00007fff00c0d000 	C:\WINDOWS\SYSTEM32\dhcpcsvc.DLL
0x00007fff061e0000 - 0x00007fff062aa000 	C:\WINDOWS\SYSTEM32\DNSAPI.dll
0x00007ffef2190000 - 0x00007ffef21a6000 	C:\Program Files\Java\jdk-18.0.2\bin\nio.dll
0x00007ffeede40000 - 0x00007ffeede58000 	C:\Program Files\Java\jdk-18.0.2\bin\zip.dll

dbghelp: loaded successfully - version: 4.0.5 - missing functions: none
symbol engine: initialized successfully - sym options: 0x614 - pdb path: .;C:\Program Files\Java\jdk-18.0.2\bin;C:\WINDOWS\SYSTEM32;C:\WINDOWS\WinSxS\amd64_microsoft.windows.common-controls_6595b64144ccf1df_6.0.19041.1110_none_60b5254171f9507e;C:\Program Files\Java\jdk-18.0.2\bin\server;C:\WINDOWS\System32\DriverStore\FileRepository\nv_dispsi.inf_amd64_9751f6c72c23c322

VM Arguments:
jvm_args: -Dfile.encoding=UTF-8 -XX:+ShowCodeDetailsInExceptionMessages 
java_command: com.gcstudios.main.Game
java_class_path (initial): C:\Users\User\eclipse-workspace\SpaceInvadersEdit\bin
Launcher Type: SUN_STANDARD

[Global flags]
     intx CICompilerCount                          = 3                                         {product} {ergonomic}
     uint ConcGCThreads                            = 1                                         {product} {ergonomic}
     uint G1ConcRefinementThreads                  = 4                                         {product} {ergonomic}
   size_t G1HeapRegionSize                         = 2097152                                   {product} {ergonomic}
    uintx GCDrainStackTargetSize                   = 64                                        {product} {ergonomic}
   size_t InitialHeapSize                          = 268435456                                 {product} {ergonomic}
   size_t MarkStackSize                            = 4194304                                   {product} {ergonomic}
   size_t MaxHeapSize                              = 4284481536                                {product} {ergonomic}
   size_t MaxNewSize                               = 2569011200                                {product} {ergonomic}
   size_t MinHeapDeltaBytes                        = 2097152                                   {product} {ergonomic}
   size_t MinHeapSize                              = 8388608                                   {product} {ergonomic}
    uintx NonNMethodCodeHeapSize                   = 5832780                                {pd product} {ergonomic}
    uintx NonProfiledCodeHeapSize                  = 122912730                              {pd product} {ergonomic}
    uintx ProfiledCodeHeapSize                     = 122912730                              {pd product} {ergonomic}
    uintx ReservedCodeCacheSize                    = 251658240                              {pd product} {ergonomic}
     bool SegmentedCodeCache                       = true                                      {product} {ergonomic}
     bool ShowCodeDetailsInExceptionMessages       = true                                   {manageable} {command line}
   size_t SoftMaxHeapSize                          = 4284481536                             {manageable} {ergonomic}
     bool UseCompressedClassPointers               = true                           {product lp64_product} {ergonomic}
     bool UseCompressedOops                        = true                           {product lp64_product} {ergonomic}
     bool UseG1GC                                  = true                                      {product} {ergonomic}
     bool UseLargePagesIndividualAllocation        = false                                  {pd product} {ergonomic}

Logging:
Log output configuration:
 #0: stdout all=warning uptime,level,tags foldmultilines=false
 #1: stderr all=off uptime,level,tags foldmultilines=false

Environment Variables:
PATH=C:\Program Files\Common Files\Oracle\Java\javapath;C:\Program Files (x86)\Common Files\Oracle\Java\javapath;C:\WINDOWS\system32;C:\WINDOWS;C:\WINDOWS\System32\Wbem;C:\WINDOWS\System32\WindowsPowerShell\v1.0\;C:\WINDOWS\System32\OpenSSH\;C:\Program Files\NVIDIA Corporation\NVIDIA NvDLISR;C:\Program Files (x86)\NVIDIA Corporation\PhysX\Common;C:\Program Files\Git\cmd;C:\Users\User\AppData\Local\Microsoft\WindowsApps
USERNAME=User
OS=Windows_NT
PROCESSOR_IDENTIFIER=Intel64 Family 6 Model 42 Stepping 7, GenuineIntel



---------------  S Y S T E M  ---------------

OS:
 Windows 10 , 64 bit Build 19041 (10.0.19041.1889)
OS uptime: 0 days 19:58 hours

CPU: total 4 (initial active 4) (4 cores per cpu, 1 threads per core) family 6 model 42 stepping 7 microcode 0x2f, cx8, cmov, fxsr, mmx, sse, sse2, sse3, ssse3, sse4.1, sse4.2, popcnt, tsc, tscinvbit, avx, aes, clmul, vzeroupper, clflush

Memory: 4k page, system-wide physical 16339M (12626M free)
TotalPageFile size 18771M (AvailPageFile size 13696M)
current process WorkingSet (physical memory assigned to process): 60M, peak: 71M
current process commit charge ("private bytes"): 359M, peak: 367M

vm_info: Java HotSpot(TM) 64-Bit Server VM (18.0.2+9-61) for windows-amd64 JRE (18.0.2+9-61), built on Jun  7 2022 13:09:01 by "mach5one" with MS VC++ 16.8 / 16.9 (VS2019)

END.
